#
# A fatal error has been detected by the Java Runtime Environment:
#
#  EXCEPTION_ACCESS_VIOLATION (0xc0000005) at pc=0x000000006a84374e, pid=13088, tid=14676
#
# JRE version: Java(TM) SE Runtime Environment (8.0_51-b16) (build 1.8.0_51-b16)
# Java VM: Java HotSpot(TM) 64-Bit Server VM (25.51-b03 mixed mode windows-amd64 compressed oops)
# Problematic frame:
# C  0x000000006a84374e
#
# Failed to write core dump. Minidumps are not enabled by default on client versions of Windows
#
# If you would like to submit a bug report, please visit:
#   http://bugreport.java.com/bugreport/crash.jsp
# The crash happened outside the Java Virtual Machine in native code.
# See problematic frame for where to report the bug.
#

---------------  T H R E A D  ---------------

Current thread (0x000000001ea2c000):  JavaThread "Run$_SciJava-bedb41a-Thread-1" [_thread_in_native, id=14676, stack(0x0000000024ad0000,0x0000000024cd0000)]

siginfo: ExceptionCode=0xc0000005, reading address 0x00000000004bf000

Registers:
RAX=0x00000000004befb0, RBX=0x00000000000007d0, RCX=0x0000000000000000, RDX=0x0000000000000000
RSP=0x0000000024ccda80, RBP=0x00000000000003e8, RSI=0x00000000000003e8, RDI=0x00000000306ef040
R8 =0x0000000000000050, R9 =0x00000000306ef040, R10=0x0000000000000006, R11=0x0000000000000000
R12=0x00000000000003e8, R13=0x00000000004befb0, R14=0x0000000000000001, R15=0x0000000000000400
RIP=0x000000006a84374e, EFLAGS=0x0000000000010206

Top of Stack: (sp=0x0000000024ccda80)
0x0000000024ccda80:   00000000000007d0 00000000000003e8
0x0000000024ccda90:   0000000000000000 0000000060a12dba
0x0000000024ccdaa0:   0000000000000400 0000000000000004
0x0000000024ccdab0:   000000000000000e 0000000000001000
0x0000000024ccdac0:   00000000000000fa 00000001000007d0
0x0000000024ccdad0:   0000000000000000 0000000000000000
0x0000000024ccdae0:   0000000000000400 00000000000f4240
0x0000000024ccdaf0:   00000000000007d0 003d090000000001
0x0000000024ccdb00:   00000000003d0900 0000000000000400
0x0000000024ccdb10:   00000000cb1e4397 0000000000000000
0x0000000024ccdb20:   0000000000000000 0000000000000000
0x0000000024ccdb30:   0000000000000000 0000000000000000
0x0000000024ccdb40:   0000000000000000 0000000000000000
0x0000000024ccdb50:   0000000000000000 0000000000000000
0x0000000024ccdb60:   0000000024ccdbe0 000000002e1139e0
0x0000000024ccdb70:   0000000000200021 0000000024ccdd18 

Instructions: (pc=0x000000006a84374e)
0x000000006a84372e:   48 63 c2 49 8d 44 85 00 e9 12 01 00 00 0f 1f 44
0x000000006a84373e:   00 00 45 31 c0 45 31 d2 41 0f 28 c1 41 83 c2 01
0x000000006a84374e:   42 0f 12 04 00 42 0f 16 44 00 08 41 0f 54 c2 0f
0x000000006a84375e:   12 f0 0f 5a d0 0f 5a ce 66 0f 5e d5 66 0f 5e cd 


Register to memory mapping:

RAX=0x00000000004befb0 is an unknown value
RBX=0x00000000000007d0 is an unknown value
RCX=0x0000000000000000 is an unknown value
RDX=0x0000000000000000 is an unknown value
RSP=0x0000000024ccda80 is pointing into the stack for thread: 0x000000001ea2c000
RBP=0x00000000000003e8 is an unknown value
RSI=0x00000000000003e8 is an unknown value
RDI=0x00000000306ef040 is an unknown value
R8 =0x0000000000000050 is an unknown value
R9 =0x00000000306ef040 is an unknown value
R10=0x0000000000000006 is an unknown value
R11=0x0000000000000000 is an unknown value
R12=0x00000000000003e8 is an unknown value
R13=0x00000000004befb0 is an unknown value
R14=0x0000000000000001 is an unknown value
R15=0x0000000000000400 is an unknown value


Stack: [0x0000000024ad0000,0x0000000024cd0000],  sp=0x0000000024ccda80,  free space=2038k
Native frames: (J=compiled Java code, j=interpreted, Vv=VM code, C=native code)
C  0x000000006a84374e
C  0x0000000022bc63b3
C  0x0000000022bbedd3
C  0x0000000022bb20e5
C  0x0000000022bb2517
C  0x00000000021f5e34

Java frames: (J=compiled Java code, j=interpreted, Vv=VM code)
j  com.sun.jna.Function.invokeVoid(I[Ljava/lang/Object;)V+0
j  com.sun.jna.Function.invoke([Ljava/lang/Object;Ljava/lang/Class;Z)Ljava/lang/Object;+45
j  com.sun.jna.Function.invoke(Ljava/lang/Class;[Ljava/lang/Object;Ljava/util/Map;)Ljava/lang/Object;+214
j  com.sun.jna.Library$Handler.invoke(Ljava/lang/Object;Ljava/lang/reflect/Method;[Ljava/lang/Object;)Ljava/lang/Object;+341
j  com.sun.proxy.$Proxy10.estimate(Lcom/sun/jna/Pointer;IIIILcom/sun/jna/ptr/PointerByReference;)V+52
j  NativeCodeJNA.NativeCall([F[FIIFIII)[F+149
v  ~StubRoutines::call_stub
j  sun.reflect.NativeMethodAccessorImpl.invoke0(Ljava/lang/reflect/Method;Ljava/lang/Object;[Ljava/lang/Object;)Ljava/lang/Object;+0
J 4657 C1 sun.reflect.NativeMethodAccessorImpl.invoke(Ljava/lang/Object;[Ljava/lang/Object;)Ljava/lang/Object; (104 bytes) @ 0x0000000002bda0fc [0x0000000002bd8f00+0x11fc]
J 1784 C1 sun.reflect.DelegatingMethodAccessorImpl.invoke(Ljava/lang/Object;[Ljava/lang/Object;)Ljava/lang/Object; (10 bytes) @ 0x000000000283c934 [0x000000000283c8c0+0x74]
J 2161 C1 java.lang.reflect.Method.invoke(Ljava/lang/Object;[Ljava/lang/Object;)Ljava/lang/Object; (62 bytes) @ 0x000000000235c76c [0x000000000235c380+0x3ec]
j  org.python.core.PyReflectedFunction.__call__(Lorg/python/core/PyObject;[Lorg/python/core/PyObject;[Ljava/lang/String;)Lorg/python/core/PyObject;+217
j  org.python.core.PyReflectedFunction.__call__([Lorg/python/core/PyObject;[Ljava/lang/String;)Lorg/python/core/PyObject;+43
j  org.python.core.PyObject.__call__([Lorg/python/core/PyObject;)Lorg/python/core/PyObject;+5
j  org.python.core.PyObject.__call__(Lorg/python/core/ThreadState;[Lorg/python/core/PyObject;)Lorg/python/core/PyObject;+2
j  org.python.pycode._pyx0.f$0(Lorg/python/core/PyFrame;Lorg/python/core/ThreadState;)Lorg/python/core/PyObject;+2348
j  org.python.pycode._pyx0.call_function(ILorg/python/core/PyFrame;Lorg/python/core/ThreadState;)Lorg/python/core/PyObject;+28
j  org.python.core.PyTableCode.call(Lorg/python/core/ThreadState;Lorg/python/core/PyFrame;Lorg/python/core/PyObject;)Lorg/python/core/PyObject;+129
j  org.python.core.PyCode.call(Lorg/python/core/ThreadState;Lorg/python/core/PyFrame;)Lorg/python/core/PyObject;+4
j  org.python.core.Py.runCode(Lorg/python/core/PyCode;Lorg/python/core/PyObject;Lorg/python/core/PyObject;)Lorg/python/core/PyObject;+97
j  org.scijava.plugins.scripting.jython.JythonScriptEngine.eval(Ljava/io/Reader;)Ljava/lang/Object;+28
j  org.scijava.script.ScriptModule.run()V+183
j  org.scijava.module.ModuleRunner.run()V+144
j  org.scijava.module.ModuleRunner.call()Lorg/scijava/module/Module;+1
j  org.scijava.module.ModuleRunner.call()Ljava/lang/Object;+1
j  org.scijava.thread.DefaultThreadService$2.call()Ljava/lang/Object;+28
j  java.util.concurrent.FutureTask.run()V+42
j  java.util.concurrent.ThreadPoolExecutor.runWorker(Ljava/util/concurrent/ThreadPoolExecutor$Worker;)V+95
j  java.util.concurrent.ThreadPoolExecutor$Worker.run()V+5
j  java.lang.Thread.run()V+11
v  ~StubRoutines::call_stub

---------------  P R O C E S S  ---------------

Java Threads: ( => current thread )
  0x0000000021c06000 JavaThread "Image Fetcher 0" daemon [_thread_blocked, id=16108, stack(0x0000000023bc0000,0x0000000023dc0000)]
  0x0000000021c04800 JavaThread "TimerQueue" daemon [_thread_blocked, id=16348, stack(0x000000002de70000,0x000000002e070000)]
  0x00000000261c8000 JavaThread "SciJava-bedb41a-Thread-3" [_thread_blocked, id=15648, stack(0x0000000029150000,0x0000000029350000)]
  0x0000000021b8b800 JavaThread "SciJava-bedb41a-Thread-2" [_thread_blocked, id=5536, stack(0x0000000028f50000,0x0000000029150000)]
  0x0000000020a8c800 JavaThread "org.python.google.common.base.internal.Finalizer" daemon [_thread_blocked, id=10232, stack(0x0000000028b50000,0x0000000028d50000)]
  0x00000000274d0800 JavaThread "CANDLE " [_thread_blocked, id=192, stack(0x0000000024cd0000,0x0000000024ed0000)]
  0x0000000001dcd800 JavaThread "DestroyJavaVM" [_thread_blocked, id=15492, stack(0x0000000000040000,0x0000000000240000)]
=>0x000000001ea2c000 JavaThread "Run$_SciJava-bedb41a-Thread-1" [_thread_in_native, id=14676, stack(0x0000000024ad0000,0x0000000024cd0000)]
  0x000000002143f800 JavaThread "SciJava-bedb41a-Thread-0" [_thread_blocked, id=15864, stack(0x00000000244d0000,0x00000000246d0000)]
  0x00000000212e9800 JavaThread "AWT-EventQueue-0" [_thread_blocked, id=16120, stack(0x00000000242d0000,0x00000000244d0000)]
  0x0000000020bc5800 JavaThread "AWT-Windows" daemon [_thread_in_native, id=8980, stack(0x0000000022830000,0x0000000022a30000)]
  0x00000000212ee000 JavaThread "AWT-Shutdown" [_thread_blocked, id=16324, stack(0x0000000022630000,0x0000000022830000)]
  0x00000000212ed000 JavaThread "Java2D Disposer" daemon [_thread_blocked, id=14836, stack(0x0000000022430000,0x0000000022630000)]
  0x000000001c813000 JavaThread "Service Thread" daemon [_thread_blocked, id=1952, stack(0x000000001e0c0000,0x000000001e2c0000)]
  0x000000001c79d800 JavaThread "C1 CompilerThread2" daemon [_thread_blocked, id=13304, stack(0x000000001dec0000,0x000000001e0c0000)]
  0x000000001c798800 JavaThread "C2 CompilerThread1" daemon [_thread_blocked, id=8088, stack(0x000000001dcc0000,0x000000001dec0000)]
  0x000000001c793800 JavaThread "C2 CompilerThread0" daemon [_thread_blocked, id=13688, stack(0x000000001dac0000,0x000000001dcc0000)]
  0x000000001c790800 JavaThread "Attach Listener" daemon [_thread_blocked, id=15228, stack(0x000000001d8c0000,0x000000001dac0000)]
  0x000000001c78f000 JavaThread "Signal Dispatcher" daemon [_thread_blocked, id=1028, stack(0x000000001d6c0000,0x000000001d8c0000)]
  0x000000001c78e000 JavaThread "Surrogate Locker Thread (Concurrent GC)" daemon [_thread_blocked, id=4328, stack(0x000000001d4c0000,0x000000001d6c0000)]
  0x000000001c750000 JavaThread "Finalizer" daemon [_thread_blocked, id=1780, stack(0x000000001d2c0000,0x000000001d4c0000)]
  0x000000001c749800 JavaThread "Reference Handler" daemon [_thread_blocked, id=15052, stack(0x000000001d0c0000,0x000000001d2c0000)]

Other Threads:
  0x000000001c742000 VMThread [stack: 0x000000001cec0000,0x000000001d0c0000] [id=13480]
  0x000000001c81e000 WatcherThread [stack: 0x000000001e2c0000,0x000000001e4c0000] [id=10388]

VM state:not at safepoint (normal execution)

VM Mutex/Monitor currently owned by a thread: None

Heap:
 par new generation   total 39296K, used 19907K [0x0000000644200000, 0x0000000646ca0000, 0x0000000658ec0000)
  eden space 34944K,  56% used [0x0000000644200000, 0x0000000645547c78, 0x0000000646420000)
  from space 4352K,   3% used [0x0000000646420000, 0x00000006464490a0, 0x0000000646860000)
  to   space 4352K,   0% used [0x0000000646860000, 0x0000000646860000, 0x0000000646ca0000)
 concurrent mark-sweep generation total 382204K, used 229320K [0x0000000658ec0000, 0x00000006703ff000, 0x00000007c0000000)
 Metaspace       used 54624K, capacity 54972K, committed 55320K, reserved 1095680K
  class space    used 9350K, capacity 9448K, committed 9496K, reserved 1048576K

Card table byte_map: [0x0000000011da0000,0x0000000012980000] byte_map_base: 0x000000000eb7f000

Marking Bits: (CMSBitMap*) 0x0000000001eb1548
 Bits: [0x0000000013900000, 0x00000000192c5000)

Mod Union Table: (CMSBitMap*) 0x0000000001eb1608
 Bits: [0x00000000192d0000, 0x0000000019437140)

Polling page: 0x0000000001d60000

CodeCache: size=245760Kb used=13584Kb max_used=13588Kb free=232175Kb
 bounds [0x00000000021e0000, 0x0000000002f40000, 0x00000000111e0000]
 total_blobs=4512 nmethods=3849 adapters=574
 compilation: enabled

Compilation events (10 events):
Event: 43.764 Thread 0x000000001c79d800 4832       3       sun.util.locale.ParseStatus::isError (13 bytes)
Event: 43.764 Thread 0x000000001c79d800 nmethod 4832 0x00000000022f1b10 code [0x00000000022f1c60, 0x00000000022f1e10]
Event: 43.764 Thread 0x000000001c798800 4834   !   4       sun.awt.AWTAutoShutdown::setToolkitBusy (124 bytes)
Event: 43.764 Thread 0x000000001c79d800 4833       1       sun.util.locale.StringTokenIterator::currentEnd (5 bytes)
Event: 43.764 Thread 0x000000001c79d800 nmethod 4833 0x0000000002383750 code [0x00000000023838a0, 0x00000000023839b0]
Event: 43.768 Thread 0x000000001c798800 nmethod 4834 0x0000000002e34090 code [0x0000000002e341e0, 0x0000000002e347b8]
Event: 43.771 Thread 0x000000001c79d800 4835   !   3       sun.java2d.SunGraphics2D::drawChars (172 bytes)
Event: 43.772 Thread 0x000000001c79d800 nmethod 4835 0x0000000002e36350 code [0x0000000002e365a0, 0x0000000002e37628]
Event: 43.772 Thread 0x000000001c79d800 4836       3       sun.java2d.pipe.GlyphListPipe::drawChars (222 bytes)
Event: 43.774 Thread 0x000000001c79d800 nmethod 4836 0x0000000002f3bb90 code [0x0000000002f3be00, 0x0000000002f3cda8]

GC Heap History (10 events):
Event: 42.498 GC heap before
{Heap before GC invocations=125 (full 7):
 par new generation   total 39296K, used 34002K [0x0000000644200000, 0x0000000646ca0000, 0x0000000658ec0000)
  eden space 34944K,  97% used [0x0000000644200000, 0x00000006463268e8, 0x0000000646420000)
  from space 4352K,   1% used [0x0000000646860000, 0x000000064686df60, 0x0000000646ca0000)
  to   space 4352K,   0% used [0x0000000646420000, 0x0000000646420000, 0x0000000646860000)
 concurrent mark-sweep generation total 134472K, used 96306K [0x0000000658ec0000, 0x0000000661212000, 0x00000007c0000000)
 Metaspace       used 54173K, capacity 54546K, committed 55064K, reserved 1095680K
  class space    used 9313K, capacity 9414K, committed 9496K, reserved 1048576K
Event: 42.519 GC heap after
Heap after GC invocations=126 (full 7):
 par new generation   total 39296K, used 59K [0x0000000644200000, 0x0000000646ca0000, 0x0000000658ec0000)
  eden space 34944K,   0% used [0x0000000644200000, 0x0000000644200000, 0x0000000646420000)
  from space 4352K,   1% used [0x0000000646420000, 0x000000064642edd8, 0x0000000646860000)
  to   space 4352K,   0% used [0x0000000646860000, 0x0000000646860000, 0x0000000646ca0000)
 concurrent mark-sweep generation total 150100K, used 127556K [0x0000000658ec0000, 0x0000000662155000, 0x00000007c0000000)
 Metaspace       used 54173K, capacity 54546K, committed 55064K, reserved 1095680K
  class space    used 9313K, capacity 9414K, committed 9496K, reserved 1048576K
}
Event: 42.547 GC heap before
{Heap before GC invocations=126 (full 8):
 par new generation   total 39296K, used 31897K [0x0000000644200000, 0x0000000646ca0000, 0x0000000658ec0000)
  eden space 34944K,  91% used [0x0000000644200000, 0x0000000646117938, 0x0000000646420000)
  from space 4352K,   1% used [0x0000000646420000, 0x000000064642edd8, 0x0000000646860000)
  to   space 4352K,   0% used [0x0000000646860000, 0x0000000646860000, 0x0000000646ca0000)
 concurrent mark-sweep generation total 150100K, used 127556K [0x0000000658ec0000, 0x0000000662155000, 0x00000007c0000000)
 Metaspace       used 54174K, capacity 54546K, committed 55064K, reserved 1095680K
  class space    used 9313K, capacity 9414K, committed 9496K, reserved 1048576K
Event: 42.569 GC heap after
Heap after GC invocations=127 (full 8):
 par new generation   total 39296K, used 43K [0x0000000644200000, 0x0000000646ca0000, 0x0000000658ec0000)
  eden space 34944K,   0% used [0x0000000644200000, 0x0000000644200000, 0x0000000646420000)
  from space 4352K,   0% used [0x0000000646860000, 0x000000064686ada0, 0x0000000646ca0000)
  to   space 4352K,   0% used [0x0000000646420000, 0x0000000646420000, 0x0000000646860000)
 concurrent mark-sweep generation total 181356K, used 158806K [0x0000000658ec0000, 0x0000000663fdb000, 0x00000007c0000000)
 Metaspace       used 54174K, capacity 54546K, committed 55064K, reserved 1095680K
  class space    used 9313K, capacity 9414K, committed 9496K, reserved 1048576K
}
Event: 42.633 GC heap before
{Heap before GC invocations=127 (full 8):
 par new generation   total 39296K, used 32635K [0x0000000644200000, 0x0000000646ca0000, 0x0000000658ec0000)
  eden space 34944K,  93% used [0x0000000644200000, 0x00000006461d3ed8, 0x0000000646420000)
  from space 4352K,   0% used [0x0000000646860000, 0x000000064686ada0, 0x0000000646ca0000)
  to   space 4352K,   0% used [0x0000000646420000, 0x0000000646420000, 0x0000000646860000)
 concurrent mark-sweep generation total 181356K, used 158806K [0x0000000658ec0000, 0x0000000663fdb000, 0x00000007c0000000)
 Metaspace       used 54180K, capacity 54546K, committed 55064K, reserved 1095680K
  class space    used 9314K, capacity 9414K, committed 9496K, reserved 1048576K
Event: 42.653 GC heap after
Heap after GC invocations=128 (full 8):
 par new generation   total 39296K, used 52K [0x0000000644200000, 0x0000000646ca0000, 0x0000000658ec0000)
  eden space 34944K,   0% used [0x0000000644200000, 0x0000000644200000, 0x0000000646420000)
  from space 4352K,   1% used [0x0000000646420000, 0x000000064642d3d0, 0x0000000646860000)
  to   space 4352K,   0% used [0x0000000646860000, 0x0000000646860000, 0x0000000646ca0000)
 concurrent mark-sweep generation total 212612K, used 190056K [0x0000000658ec0000, 0x0000000665e61000, 0x00000007c0000000)
 Metaspace       used 54180K, capacity 54546K, committed 55064K, reserved 1095680K
  class space    used 9314K, capacity 9414K, committed 9496K, reserved 1048576K
}
Event: 43.317 GC heap before
{Heap before GC invocations=128 (full 8):
 par new generation   total 39296K, used 29597K [0x0000000644200000, 0x0000000646ca0000, 0x0000000658ec0000)
  eden space 34944K,  84% used [0x0000000644200000, 0x0000000645eda188, 0x0000000646420000)
  from space 4352K,   1% used [0x0000000646420000, 0x000000064642d3d0, 0x0000000646860000)
  to   space 4352K,   0% used [0x0000000646860000, 0x0000000646860000, 0x0000000646ca0000)
 concurrent mark-sweep generation total 212612K, used 190056K [0x0000000658ec0000, 0x0000000665e61000, 0x00000007c0000000)
 Metaspace       used 54270K, capacity 54674K, committed 55064K, reserved 1095680K
  class space    used 9316K, capacity 9414K, committed 9496K, reserved 1048576K
Event: 43.327 GC heap after
Heap after GC invocations=129 (full 8):
 par new generation   total 39296K, used 4146K [0x0000000644200000, 0x0000000646ca0000, 0x0000000658ec0000)
  eden space 34944K,   0% used [0x0000000644200000, 0x0000000644200000, 0x0000000646420000)
  from space 4352K,  95% used [0x0000000646860000, 0x0000000646c6c9e0, 0x0000000646ca0000)
  to   space 4352K,   0% used [0x0000000646420000, 0x0000000646420000, 0x0000000646860000)
 concurrent mark-sweep generation total 228240K, used 213493K [0x0000000658ec0000, 0x0000000666da4000, 0x00000007c0000000)
 Metaspace       used 54270K, capacity 54674K, committed 55064K, reserved 1095680K
  class space    used 9316K, capacity 9414K, committed 9496K, reserved 1048576K
}
Event: 43.338 GC heap before
{Heap before GC invocations=129 (full 8):
 par new generation   total 39296K, used 36056K [0x0000000644200000, 0x0000000646ca0000, 0x0000000658ec0000)
  eden space 34944K,  91% used [0x0000000644200000, 0x0000000646129890, 0x0000000646420000)
  from space 4352K,  95% used [0x0000000646860000, 0x0000000646c6c9e0, 0x0000000646ca0000)
  to   space 4352K,   0% used [0x0000000646420000, 0x0000000646420000, 0x0000000646860000)
 concurrent mark-sweep generation total 228240K, used 213493K [0x0000000658ec0000, 0x0000000666da4000, 0x00000007c0000000)
 Metaspace       used 54287K, capacity 54674K, committed 55064K, reserved 1095680K
  class space    used 9316K, capacity 9414K, committed 9496K, reserved 1048576K
Event: 43.361 GC heap after
Heap after GC invocations=130 (full 8):
 par new generation   total 39296K, used 164K [0x0000000644200000, 0x0000000646ca0000, 0x0000000658ec0000)
  eden space 34944K,   0% used [0x0000000644200000, 0x0000000644200000, 0x0000000646420000)
  from space 4352K,   3% used [0x0000000646420000, 0x00000006464490a0, 0x0000000646860000)
  to   space 4352K,   0% used [0x0000000646860000, 0x0000000646860000, 0x0000000646ca0000)
 concurrent mark-sweep generation total 259496K, used 248862K [0x0000000658ec0000, 0x0000000668c2a000, 0x00000007c0000000)
 Metaspace       used 54287K, capacity 54674K, committed 55064K, reserved 1095680K
  class space    used 9316K, capacity 9414K, committed 9496K, reserved 1048576K
}

Deoptimization events (10 events):
Event: 42.744 Thread 0x000000001ea2c000 Uncommon trap: reason=unstable_if action=reinterpret pc=0x0000000002a9ec38 method=ij.process.ImageProcessor.updateComposite([II)V @ 334
Event: 42.872 Thread 0x000000001ea2c000 Uncommon trap: reason=unstable_if action=reinterpret pc=0x000000000273a568 method=ij.process.ImageProcessor.updateComposite([II)V @ 334
Event: 42.996 Thread 0x000000001ea2c000 Uncommon trap: reason=class_check action=maybe_recompile pc=0x00000000029a120c method=ij.process.StackStatistics.doCalculations(Lij/ImagePlus;IDD)V @ 405
Event: 42.996 Thread 0x000000001ea2c000 Uncommon trap: reason=class_check action=maybe_recompile pc=0x00000000029a120c method=ij.process.StackStatistics.doCalculations(Lij/ImagePlus;IDD)V @ 405
Event: 42.996 Thread 0x000000001ea2c000 Uncommon trap: reason=class_check action=maybe_recompile pc=0x00000000029a120c method=ij.process.StackStatistics.doCalculations(Lij/ImagePlus;IDD)V @ 405
Event: 42.996 Thread 0x000000001ea2c000 Uncommon trap: reason=class_check action=maybe_recompile pc=0x00000000029a120c method=ij.process.StackStatistics.doCalculations(Lij/ImagePlus;IDD)V @ 405
Event: 43.469 Thread 0x000000001ea2c000 Uncommon trap: reason=null_check action=make_not_entrant pc=0x0000000002df9bfc method=com.sun.jna.Native.getNativeSize(Ljava/lang/Class;)I @ 22
Event: 43.711 Thread 0x000000001ea2c000 Uncommon trap: reason=unstable_if action=reinterpret pc=0x0000000002a30b38 method=NativeCodeJNA.NativeCall([F[FIIFIII)[F @ 68
Event: 43.759 Thread 0x000000001ea2c000 Uncommon trap: reason=unstable_if action=reinterpret pc=0x00000000028bf61c method=java.awt.Font.getPeer_NoClientCode()Ljava/awt/peer/FontPeer; @ 4
Event: 43.766 Thread 0x000000001ea2c000 Uncommon trap: reason=unstable_if action=reinterpret pc=0x0000000002a2e4f4 method=com.sun.jna.Native.getNativeSize(Ljava/lang/Class;)I @ 252

Internal exceptions (10 events):
Event: 43.300 Thread 0x000000001ea2c000 Exception <a 'java/io/IOException'> (0x00000006445e4d98) thrown at [C:\re\workspace\8-2-build-windows-amd64-cygwin\jdk8u51\3951\hotspot\src\share\vm\prims\jni.cpp, line 709]
Event: 43.300 Thread 0x000000001ea2c000 Exception <a 'java/io/IOException'> (0x00000006445e5c88) thrown at [C:\re\workspace\8-2-build-windows-amd64-cygwin\jdk8u51\3951\hotspot\src\share\vm\prims\jni.cpp, line 709]
Event: 43.300 Thread 0x000000001ea2c000 Exception <a 'java/io/IOException'> (0x00000006445e6080) thrown at [C:\re\workspace\8-2-build-windows-amd64-cygwin\jdk8u51\3951\hotspot\src\share\vm\prims\jni.cpp, line 709]
Event: 43.300 Thread 0x000000001ea2c000 Exception <a 'java/io/IOException'> (0x00000006445e6f68) thrown at [C:\re\workspace\8-2-build-windows-amd64-cygwin\jdk8u51\3951\hotspot\src\share\vm\prims\jni.cpp, line 709]
Event: 43.302 Thread 0x000000001ea2c000 Exception <a 'java/io/IOException'> (0x00000006445e8200) thrown at [C:\re\workspace\8-2-build-windows-amd64-cygwin\jdk8u51\3951\hotspot\src\share\vm\prims\jni.cpp, line 709]
Event: 43.303 Thread 0x000000001ea2c000 Exception <a 'java/io/IOException'> (0x00000006445e9460) thrown at [C:\re\workspace\8-2-build-windows-amd64-cygwin\jdk8u51\3951\hotspot\src\share\vm\prims\jni.cpp, line 709]
Event: 43.303 Thread 0x000000001ea2c000 Exception <a 'java/io/IOException'> (0x00000006445e97f8) thrown at [C:\re\workspace\8-2-build-windows-amd64-cygwin\jdk8u51\3951\hotspot\src\share\vm\prims\jni.cpp, line 709]
Event: 43.386 Thread 0x000000001ea2c000 Exception <a 'java/io/IOException'> (0x0000000645142848) thrown at [C:\re\workspace\8-2-build-windows-amd64-cygwin\jdk8u51\3951\hotspot\src\share\vm\prims\jni.cpp, line 709]
Event: 43.386 Thread 0x000000001ea2c000 Exception <a 'java/io/IOException'> (0x0000000645143ad0) thrown at [C:\re\workspace\8-2-build-windows-amd64-cygwin\jdk8u51\3951\hotspot\src\share\vm\prims\jni.cpp, line 709]
Event: 43.386 Thread 0x000000001ea2c000 Exception <a 'java/io/IOException'> (0x0000000645143e68) thrown at [C:\re\workspace\8-2-build-windows-amd64-cygwin\jdk8u51\3951\hotspot\src\share\vm\prims\jni.cpp, line 709]

Events (10 events):
Event: 43.766 loading class sun/awt/image/OffScreenImage done
Event: 43.766 loading class ij/util/Java2
Event: 43.766 loading class ij/util/Java2 done
Event: 43.766 Thread 0x000000001ea2c000 Uncommon trap: trap_request=0xffffff65 fr.pc=0x0000000002a2e4f4
Event: 43.766 Thread 0x000000001ea2c000 DEOPT PACKING pc=0x0000000002a2e4f4 sp=0x0000000024cce000
Event: 43.766 Thread 0x000000001ea2c000 DEOPT UNPACKING pc=0x000000000222582a sp=0x0000000024ccdfa0 mode 2
Event: 43.767 Executing VM operation: RevokeBias
Event: 43.767 Executing VM operation: RevokeBias done
Event: 43.769 Thread 0x000000001c798800 flushing nmethod 0x0000000002522f50
Event: 43.769 Thread 0x000000001c798800 flushing nmethod 0x0000000002525810


Dynamic libraries:
0x0000000000400000 - 0x0000000000462000 	C:\Users\noambox\Documents\NielFiji-repo\Fiji\ImageJ-win64.exe
0x00007ffeacf90000 - 0x00007ffead13c000 	C:\WINDOWS\SYSTEM32\ntdll.dll
0x00007ffeaab90000 - 0x00007ffeaacce000 	C:\WINDOWS\system32\KERNEL32.DLL
0x00007ffeaa2b0000 - 0x00007ffeaa3c5000 	C:\WINDOWS\system32\KERNELBASE.dll
0x00007ffea81c0000 - 0x00007ffea824e000 	C:\WINDOWS\system32\apphelp.dll
0x00007ffeace80000 - 0x00007ffeacf2a000 	C:\WINDOWS\system32\ADVAPI32.dll
0x00007ffeacc50000 - 0x00007ffeaccfa000 	C:\WINDOWS\system32\msvcrt.dll
0x00007ffeacd00000 - 0x00007ffeace77000 	C:\WINDOWS\system32\USER32.dll
0x00007ffeacaa0000 - 0x00007ffeacaf9000 	C:\WINDOWS\SYSTEM32\sechost.dll
0x00007ffeacb00000 - 0x00007ffeacc41000 	C:\WINDOWS\system32\RPCRT4.dll
0x00007ffeaace0000 - 0x00007ffeaae2f000 	C:\WINDOWS\system32\GDI32.dll
0x00007ffeaa930000 - 0x00007ffeaa966000 	C:\WINDOWS\system32\IMM32.DLL
0x00007ffeaa7d0000 - 0x00007ffeaa922000 	C:\WINDOWS\system32\MSCTF.dll
0x0000000061cc0000 - 0x0000000061cf9000 	C:\Users\noambox\DOCUME~1\NIELFI~1\Fiji\java\win64\jdk1.8.0_51\jre\bin\splashscreen.dll
0x0000000061e70000 - 0x0000000061f42000 	C:\WINDOWS\SYSTEM32\MSVCR100.dll
0x00007ffea8290000 - 0x00007ffea83b9000 	C:\WINDOWS\system32\uxtheme.dll
0x00007ffeaa970000 - 0x00007ffeaab81000 	C:\WINDOWS\SYSTEM32\combase.dll
0x00000000607e0000 - 0x0000000061063000 	C:\Users\noambox\DOCUME~1\NIELFI~1\Fiji\java\win64\jdk1.8.0_51\jre\bin\server\jvm.dll
0x00007ffea1320000 - 0x00007ffea1329000 	C:\WINDOWS\SYSTEM32\WSOCK32.dll
0x00007ffea2740000 - 0x00007ffea2762000 	C:\WINDOWS\SYSTEM32\WINMM.dll
0x00007ffea8af0000 - 0x00007ffea8afa000 	C:\WINDOWS\SYSTEM32\VERSION.dll
0x00007ffeaa610000 - 0x00007ffeaa617000 	C:\WINDOWS\system32\PSAPI.DLL
0x00007ffeacf30000 - 0x00007ffeacf8a000 	C:\WINDOWS\system32\WS2_32.dll
0x00007ffea2710000 - 0x00007ffea273a000 	C:\WINDOWS\SYSTEM32\WINMMBASE.dll
0x00007ffeaacd0000 - 0x00007ffeaacd9000 	C:\WINDOWS\system32\NSI.dll
0x00007ffeaa260000 - 0x00007ffeaa2af000 	C:\WINDOWS\SYSTEM32\cfgmgr32.dll
0x00007ffea8410000 - 0x00007ffea8438000 	C:\WINDOWS\SYSTEM32\DEVOBJ.dll
0x00007ffe9f420000 - 0x00007ffe9f4cb000 	C:\Program Files\Common Files\microsoft shared\ink\tiptsf.dll
0x00007ffeac7d0000 - 0x00007ffeac891000 	C:\WINDOWS\system32\OLEAUT32.dll
0x0000000061cb0000 - 0x0000000061cbf000 	C:\Users\noambox\DOCUME~1\NIELFI~1\Fiji\java\win64\jdk1.8.0_51\jre\bin\verify.dll
0x0000000061c80000 - 0x0000000061ca9000 	C:\Users\noambox\DOCUME~1\NIELFI~1\Fiji\java\win64\jdk1.8.0_51\jre\bin\java.dll
0x0000000061c60000 - 0x0000000061c76000 	C:\Users\noambox\DOCUME~1\NIELFI~1\Fiji\java\win64\jdk1.8.0_51\jre\bin\zip.dll
0x00007ffeaaf60000 - 0x00007ffeab0f4000 	C:\WINDOWS\system32\ole32.dll
0x00007ffea8480000 - 0x00007ffea848b000 	C:\WINDOWS\SYSTEM32\kernel.appcore.dll
0x00007ffeaa020000 - 0x00007ffeaa02b000 	C:\WINDOWS\SYSTEM32\CRYPTBASE.dll
0x00007ffea9fb0000 - 0x00007ffeaa013000 	C:\WINDOWS\SYSTEM32\bcryptPrimitives.dll
0x00007ffea6e20000 - 0x00007ffea6e8a000 	C:\WINDOWS\SYSTEM32\oleacc.dll
0x00007ffeab100000 - 0x00007ffeac62b000 	C:\WINDOWS\system32\SHELL32.dll
0x00007ffeac630000 - 0x00007ffeac684000 	C:\WINDOWS\system32\SHLWAPI.dll
0x00007ffea9770000 - 0x00007ffea9822000 	C:\WINDOWS\SYSTEM32\SHCORE.dll
0x00007ffeaa0e0000 - 0x00007ffeaa0f5000 	C:\WINDOWS\SYSTEM32\profapi.dll
0x00007ffeaaea0000 - 0x00007ffeaaf56000 	C:\WINDOWS\SYSTEM32\clbcatq.dll
0x0000000060640000 - 0x00000000607d8000 	C:\Users\noambox\Documents\NielFiji-repo\Fiji\java\win64\jdk1.8.0_51\jre\bin\awt.dll
0x00007ffea7d10000 - 0x00007ffea7d31000 	C:\WINDOWS\system32\DWMAPI.DLL
0x00007ffe9ae20000 - 0x00007ffe9aec4000 	C:\WINDOWS\WinSxS\amd64_microsoft.windows.common-controls_6595b64144ccf1df_5.82.9600.17810_none_34ae2abd958aedeb\COMCTL32.dll
0x0000000061b60000 - 0x0000000061b7a000 	C:\Users\noambox\Documents\NielFiji-repo\Fiji\java\win64\jdk1.8.0_51\jre\bin\net.dll
0x00007ffea9520000 - 0x00007ffea9579000 	C:\WINDOWS\system32\mswsock.dll
0x00007ffea8a40000 - 0x00007ffea8a55000 	C:\WINDOWS\system32\napinsp.dll
0x00007ffea8a60000 - 0x00007ffea8a7a000 	C:\WINDOWS\system32\pnrpnsp.dll
0x00007ffea5af0000 - 0x00007ffea5b0b000 	C:\WINDOWS\system32\NLAapi.dll
0x00007ffea9230000 - 0x00007ffea92d4000 	C:\WINDOWS\SYSTEM32\DNSAPI.dll
0x00007ffea9ec0000 - 0x00007ffea9ecd000 	C:\WINDOWS\System32\winrnr.dll
0x0000000063560000 - 0x0000000063569000 	C:\Program Files\National Instruments\Shared\mDNS Responder\nimdnsNSP.dll
0x0000000063550000 - 0x000000006355e000 	C:\WINDOWS\SYSTEM32\nimdnsResponder.dll
0x0000000062510000 - 0x00000000625b3000 	C:\WINDOWS\WinSxS\amd64_microsoft.vc90.crt_1fc8b3b9a1e18e3b_9.0.30729.8387_none_08e793bfa83a89b5\MSVCR90.dll
0x00007ffea5f70000 - 0x00007ffea5f9a000 	C:\WINDOWS\SYSTEM32\Iphlpapi.DLL
0x00007ffea5f20000 - 0x00007ffea5f2a000 	C:\WINDOWS\SYSTEM32\WINNSI.DLL
0x00007ffea8a80000 - 0x00007ffea8a94000 	C:\WINDOWS\system32\wshbth.dll
0x00007ffea23c0000 - 0x00007ffea23ca000 	C:\Windows\System32\rasadhlp.dll
0x00007ffea4860000 - 0x00007ffea48cb000 	C:\WINDOWS\System32\fwpuclnt.dll
0x0000000061b10000 - 0x0000000061b57000 	C:\Users\noambox\Documents\NielFiji-repo\Fiji\java\win64\jdk1.8.0_51\jre\bin\fontmanager.dll
0x0000000061af0000 - 0x0000000061b01000 	C:\Users\noambox\Documents\NielFiji-repo\Fiji\java\win64\jdk1.8.0_51\jre\bin\nio.dll
0x00007ffea96e0000 - 0x00007ffea9700000 	C:\WINDOWS\SYSTEM32\CRYPTSP.dll
0x00007ffea9170000 - 0x00007ffea91a6000 	C:\WINDOWS\system32\rsaenh.dll
0x00007ffea98f0000 - 0x00007ffea9916000 	C:\WINDOWS\SYSTEM32\bcrypt.dll
0x00007ffea93a0000 - 0x00007ffea93c1000 	C:\WINDOWS\SYSTEM32\USERENV.dll
0x00007ffea5c60000 - 0x00007ffea5c76000 	C:\WINDOWS\SYSTEM32\dhcpcsvc6.DLL
0x00007ffea5c80000 - 0x00007ffea5c9a000 	C:\WINDOWS\SYSTEM32\dhcpcsvc.DLL
0x00007ffe8ef90000 - 0x00007ffe8f0ac000 	C:\Users\noambox\AppData\Local\Temp\SlideBook6Reader1422376531156675291.dll
0x0000000061d70000 - 0x0000000061e08000 	C:\WINDOWS\SYSTEM32\MSVCP100.dll
0x00000000600e0000 - 0x000000006063d000 	C:\WINDOWS\SYSTEM32\mfc100.dll
0x00007ffea2920000 - 0x00007ffea2927000 	C:\WINDOWS\SYSTEM32\MSIMG32.dll
0x0000000061ae0000 - 0x0000000061aed000 	C:\WINDOWS\SYSTEM32\MFC100ENU.DLL
0x0000000060090000 - 0x00000000600d2000 	C:\Users\noambox\Documents\NielFiji-repo\Fiji\java\win64\jdk1.8.0_51\jre\bin\t2k.dll
0x00007ffea9bf0000 - 0x00007ffea9e6b000 	C:\WINDOWS\WinSxS\amd64_microsoft.windows.common-controls_6595b64144ccf1df_6.0.9600.18006_none_623f33d3ecbe86e8\comctl32.dll
0x00007ffea72f0000 - 0x00007ffea749e000 	C:\WINDOWS\SYSTEM32\WindowsCodecs.dll
0x0000000061a40000 - 0x0000000061a6a000 	C:\Users\noambox\Documents\NielFiji-repo\Fiji\java\win64\jdk1.8.0_51\jre\bin\dcpr.dll
0x0000000065340000 - 0x0000000065351000 	C:\Users\noambox\AppData\Local\Temp\jffi5151070419845899012.tmp
0x00007ffeac710000 - 0x00007ffeac7c6000 	C:\WINDOWS\system32\COMDLG32.dll
0x00007ffeac8b0000 - 0x00007ffeaca8a000 	C:\WINDOWS\system32\SETUPAPI.dll
0x00007ffea6010000 - 0x00007ffea618f000 	C:\WINDOWS\system32\propsys.dll
0x00007ffea0320000 - 0x00007ffea032f000 	C:\WINDOWS\SYSTEM32\atlthunk.dll
0x00007ffe974a0000 - 0x00007ffe974ce000 	C:\Windows\System32\thumbcache.dll
0x00007ffe94d70000 - 0x00007ffe94e2a000 	C:\WINDOWS\SYSTEM32\ntshrui.dll
0x00007ffea9f80000 - 0x00007ffea9fae000 	C:\WINDOWS\SYSTEM32\SspiCli.dll
0x00007ffea9e70000 - 0x00007ffea9e96000 	C:\WINDOWS\SYSTEM32\srvcli.dll
0x00007ffea07a0000 - 0x00007ffea07b2000 	C:\WINDOWS\SYSTEM32\cscapi.dll
0x00007ffe8fa60000 - 0x00007ffe8fb1c000 	C:\WINDOWS\System32\StructuredQuery.dll
0x00007ffe9cb80000 - 0x00007ffe9ce43000 	C:\Windows\System32\actxprxy.dll
0x00007ffe8fd30000 - 0x00007ffe8fe6c000 	C:\WINDOWS\system32\SearchFolder.dll
0x00007ffe92030000 - 0x00007ffe920f0000 	C:\Program Files (x86)\Google\Drive\googledrivesync64.dll
0x0000000061b80000 - 0x0000000061c53000 	C:\WINDOWS\WinSxS\amd64_microsoft.vc90.crt_1fc8b3b9a1e18e3b_9.0.30729.8387_none_08e793bfa83a89b5\MSVCP90.dll
0x00007ffe91df0000 - 0x00007ffe9202f000 	C:\Program Files\Microsoft Office 15\root\VFS\ProgramFilesX64\Microsoft Office\Office15\GROOVEEX.DLL
0x0000000061890000 - 0x00000000618bb000 	C:\Program Files\Microsoft Office 15\root\VFS\ProgramFilesX64\Microsoft Office\Office15\ATL100.DLL
0x00007ffe9b330000 - 0x00007ffe9b661000 	C:\WINDOWS\SYSTEM32\msi.dll
0x00007ffe8fe70000 - 0x00007ffe906ed000 	C:\Program Files\Microsoft Office 15\root\VFS\ProgramFilesX64\Microsoft Office\Office15\1033\GrooveIntlResource.dll
0x0000000061870000 - 0x0000000061886000 	C:\Program Files\Common Files\TortoiseOverlays\TortoiseOverlays.dll
0x0000000061850000 - 0x0000000061867000 	C:\Program Files\TortoiseSVN\bin\TortoiseStub.dll
0x00000000617d0000 - 0x000000006184d000 	C:\Program Files\TortoiseSVN\bin\TortoiseSVN.dll
0x00007ffea8c70000 - 0x00007ffea8ed9000 	C:\WINDOWS\SYSTEM32\WININET.dll
0x00007ffe8f230000 - 0x00007ffe8f6d7000 	C:\Program Files\TortoiseSVN\bin\libsvn_tsvn.dll
0x0000000061a70000 - 0x0000000061a9e000 	C:\Program Files\TortoiseSVN\bin\libapr_tsvn.dll
0x00007ffea6bf0000 - 0x00007ffea6c01000 	C:\Program Files\TortoiseSVN\bin\intl3_tsvn.dll
0x00007ffea31d0000 - 0x00007ffea3277000 	C:\WINDOWS\SYSTEM32\MSVCP110.dll
0x00007ffea3280000 - 0x00007ffea3354000 	C:\WINDOWS\SYSTEM32\MSVCR110.dll
0x00007ffea1e50000 - 0x00007ffea2118000 	C:\WINDOWS\SYSTEM32\iertutil.dll
0x0000000061780000 - 0x00000000617c5000 	C:\Program Files\TortoiseSVN\bin\libaprutil_tsvn.dll
0x00007ffea69b0000 - 0x00007ffea69c9000 	C:\Program Files\TortoiseSVN\bin\libsasl.dll
0x00007ffea63d0000 - 0x00007ffea63dc000 	C:\WINDOWS\SYSTEM32\Secur32.dll
0x00007ffeaa430000 - 0x00007ffeaa60f000 	C:\WINDOWS\system32\CRYPT32.dll
0x00007ffeac6b0000 - 0x00007ffeac70c000 	C:\WINDOWS\system32\WLDAP32.dll
0x00007ffeaa190000 - 0x00007ffeaa1a1000 	C:\WINDOWS\system32\MSASN1.dll
0x0000000180000000 - 0x000000018000c000 	C:\Program Files (x86)\Druva\inSync\amd64\insyncse.dll
0x000000002bfb0000 - 0x000000002c29f000 	C:\Program Files (x86)\Druva\inSync\amd64\PYTHON27.DLL
0x000000002bcc0000 - 0x000000002bce2000 	C:\Program Files (x86)\Druva\inSync\amd64\win32api.pyd
0x00007ffea9350000 - 0x00007ffea9396000 	C:\WINDOWS\SYSTEM32\POWRPROF.dll
0x000000002bcf0000 - 0x000000002bd15000 	C:\Program Files (x86)\Druva\inSync\amd64\pywintypes27.dll
0x000000002c4a0000 - 0x000000002c523000 	C:\Program Files (x86)\Druva\inSync\amd64\pythoncom27.dll
0x00007ffea2120000 - 0x00007ffea22a5000 	C:\WINDOWS\SYSTEM32\urlmon.dll
0x000000002bd20000 - 0x000000002bd28000 	C:\Program Files (x86)\Druva\inSync\amd64\win32trace.pyd
0x000000002bd30000 - 0x000000002bd8e000 	C:\Program Files (x86)\Druva\inSync\amd64\win32com.shell.shell.pyd
0x000000002c930000 - 0x000000002c969000 	C:\Program Files (x86)\Druva\inSync\amd64\win32gui.pyd
0x000000002c990000 - 0x000000002ca07000 	C:\Program Files (x86)\Druva\inSync\amd64\_hashlib.pyd
0x000000002ca10000 - 0x000000002ca2f000 	C:\Program Files (x86)\Druva\inSync\amd64\_ctypes.pyd
0x000000002ca30000 - 0x000000002ca55000 	C:\Program Files (x86)\Druva\inSync\amd64\win32file.pyd
0x00007ffea6b30000 - 0x00007ffea6b33000 	C:\WINDOWS\SYSTEM32\sfc.dll
0x00007ffea0680000 - 0x00007ffea0692000 	C:\WINDOWS\SYSTEM32\sfc_os.DLL
0x000000002ca60000 - 0x000000002ca68000 	C:\Program Files (x86)\Druva\inSync\amd64\win32profile.pyd

VM Arguments:
jvm_args: -Dpython.cachedir.skip=true -Dplugins.dir=C:\Users\noambox\DOCUME~1\NIELFI~1\Fiji -Xmx6077m -Xincgc -XX:PermSize=128m 
java_command: <unknown>
java_class_path (initial): C:\Users\noambox\DOCUME~1\NIELFI~1\Fiji/jars/imagej-launcher-3.1.6.jar
Launcher Type: generic

Environment Variables:
JAVA_HOME=C:\Users\noambox\DOCUME~1\NIELFI~1\Fiji/java/win64/jdk1.8.0_51//jre
PATH=C:\Program Files\ImageMagick-6.9.1-Q16;C:\ProgramData\Oracle\Java\javapath;C:\WINDOWS\system32;C:\WINDOWS;C:\WINDOWS\System32\Wbem;C:\WINDOWS\System32\WindowsPowerShell\v1.0\;C:\Program Files\MATLAB\R2015a\runtime\win64;C:\Program Files\MATLAB\R2015a\bin;C:\Program Files\MATLAB\R2013b\runtime\win64;C:\Program Files\MATLAB\R2013b\bin;C:\Program Files\MATLAB\R2012b\runtime\win64;C:\Program Files\MATLAB\R2012b\bin;c:\Program Files (x86)\Microsoft SQL Server\100\Tools\Binn\;c:\Program Files\Microsoft SQL Server\100\Tools\Binn\;c:\Program Files\Microsoft SQL Server\100\DTS\Binn\;C:\Program Files (x86)\Windows Kits\8.1\Windows Performance Toolkit\;C:\Program Files\Microsoft SQL Server\110\Tools\Binn\;C:\Program Files (x86)\Microsoft SDKs\TypeScript\1.0\;C:\Program Files (x86)\IVI Foundation\VISA\WinNT\Bin\;C:\Program Files\IVI Foundation\VISA\Win64\Bin\;C:\Program Files (x86)\IVI Foundation\VISA\WinNT\Bin;C:\Program Files\TortoiseSVN\bin;C:\Program Files (x86)\Skype\Phone\;C:\Program Files (x86)\Git\cmd;C:\Program Files\Intel\WiFi\bin\;C:\Program Files\Common Files\Intel\WirelessCommon\;C:\Program Files (x86)\QuickTime\QTSystem\;C:\Users\noambox\AppData\Local\Continuum\Anaconda2;C:\Users\noambox\AppData\Local\Continuum\Anaconda2\Scripts;C:\Users\noambox\AppData\Local\Continuum\Anaconda2\Library\bin;C:\Program Files (x86)\MiKTeX\miktex\bin\;C:\Program Files\Intel\WiFi\bin\;C:\Program Files\Common Files\Intel\WirelessCommon\;C:\Users\noambox\DOCUME~1\NIELFI~1\Fiji/lib/win64;C:\Users\noambox\DOCUME~1\NIELFI~1\Fiji/mm/win64;C:\Users\noambox\DOCUME~1\NIELFI~1\Fiji/java/win64/jdk1.8.0_51//jre/bin
USERNAME=noambox
OS=Windows_NT
PROCESSOR_IDENTIFIER=Intel64 Family 6 Model 69 Stepping 1, GenuineIntel



---------------  S Y S T E M  ---------------

OS: Windows 8.1 , 64 bit Build 9600 (6.3.9600.17415)

CPU:total 4 (2 cores per cpu, 2 threads per core) family 6 model 69 stepping 1, cmov, cx8, fxsr, mmx, sse, sse2, sse3, ssse3, sse4.1, sse4.2, popcnt, avx, avx2, aes, clmul, erms, lzcnt, ht, tsc, tscinvbit, bmi1, bmi2

Memory: 4k page, physical 8297328k(2804456k free), swap 18291412k(8310796k free)

vm_info: Java HotSpot(TM) 64-Bit Server VM (25.51-b03) for windows-amd64 JRE (1.8.0_51-b16), built on Jun  8 2015 18:03:07 by "java_re" with MS VC++ 10.0 (VS2010)

time: Mon Jan 18 14:06:24 2016
elapsed time: 44 seconds (0d 0h 0m 44s)

