#
# A fatal error has been detected by the Java Runtime Environment:
#
#  EXCEPTION_ACCESS_VIOLATION (0xc0000005) at pc=0x000000006a84374e, pid=12792, tid=12724
#
# JRE version: Java(TM) SE Runtime Environment (8.0_51-b16) (build 1.8.0_51-b16)
# Java VM: Java HotSpot(TM) 64-Bit Server VM (25.51-b03 mixed mode windows-amd64 compressed oops)
# Problematic frame:
# C  0x000000006a84374e
#
# Failed to write core dump. Minidumps are not enabled by default on client versions of Windows
#
# If you would like to submit a bug report, please visit:
#   http://bugreport.java.com/bugreport/crash.jsp
# The crash happened outside the Java Virtual Machine in native code.
# See problematic frame for where to report the bug.
#

---------------  T H R E A D  ---------------

Current thread (0x00000000216b7000):  JavaThread "Run$_SciJava-c46ccf7-Thread-0" [_thread_in_native, id=12724, stack(0x00000000247c0000,0x00000000249c0000)]

siginfo: ExceptionCode=0xc0000005, reading address 0x000000001e3a6000

Registers:
RAX=0x000000001e3a5d00, RBX=0x0000000000000200, RCX=0x0000000000000029, RDX=0x0000000000002900
RSP=0x00000000249bdb30, RBP=0x0000000000000100, RSI=0x0000000000000100, RDI=0x000000002fcd9010
R8 =0x0000000000000300, R9 =0x000000002fce3410, R10=0x0000000000000031, R11=0x0000000000002900
R12=0x0000000000000100, R13=0x000000001e39b900, R14=0x0000000000000001, R15=0x0000000000000100
RIP=0x000000006a84374e, EFLAGS=0x0000000000010202

Top of Stack: (sp=0x00000000249bdb30)
0x00000000249bdb30:   0000000000000200 0000000000000100
0x00000000249bdb40:   00000000328e4408 000000005ae32dba
0x00000000249bdb50:   0000000000000100 0000000000000004
0x00000000249bdb60:   000000000000000e 0000000000000400
0x00000000249bdb70:   fffffff000000040 0000000100000200
0x00000000249bdb80:   0000000000000000 0000000000000000
0x00000000249bdb90:   0000000000000100 0000000000010000
0x00000000249bdba0:   0000000000000200 0004000000000001
0x00000000249bdbb0:   0000000000040000 0000000000000100
0x00000000249bdbc0:   00000000cb2c1fbf 0000000000000000
0x00000000249bdbd0:   0000000658eff840 0000000000000000
0x00000000249bdbe0:   0000000000000000 0000000000000000
0x00000000249bdbf0:   0000000000000000 0000000000000000
0x00000000249bdc00:   0000000000000000 0000000000000000
0x00000000249bdc10:   00000000249bdc90 00000000328e4408
0x00000000249bdc20:   0000000000200021 00000000249bddc8 

Instructions: (pc=0x000000006a84374e)
0x000000006a84372e:   48 63 c2 49 8d 44 85 00 e9 12 01 00 00 0f 1f 44
0x000000006a84373e:   00 00 45 31 c0 45 31 d2 41 0f 28 c1 41 83 c2 01
0x000000006a84374e:   42 0f 12 04 00 42 0f 16 44 00 08 41 0f 54 c2 0f
0x000000006a84375e:   12 f0 0f 5a d0 0f 5a ce 66 0f 5e d5 66 0f 5e cd 


Register to memory mapping:

RAX=0x000000001e3a5d00 is an unknown value
RBX=0x0000000000000200 is an unknown value
RCX=0x0000000000000029 is an unknown value
RDX=0x0000000000002900 is an unknown value
RSP=0x00000000249bdb30 is pointing into the stack for thread: 0x00000000216b7000
RBP=0x0000000000000100 is an unknown value
RSI=0x0000000000000100 is an unknown value
RDI=0x000000002fcd9010 is an unknown value
R8 =0x0000000000000300 is an unknown value
R9 =0x000000002fce3410 is an unknown value
R10=0x0000000000000031 is an unknown value
R11=0x0000000000002900 is an unknown value
R12=0x0000000000000100 is an unknown value
R13=0x000000001e39b900 is an unknown value
R14=0x0000000000000001 is an unknown value
R15=0x0000000000000100 is an unknown value


Stack: [0x00000000247c0000,0x00000000249c0000],  sp=0x00000000249bdb30,  free space=2038k
Native frames: (J=compiled Java code, j=interpreted, Vv=VM code, C=native code)
C  0x000000006a84374e
C  0x0000000022cd63b3
C  0x0000000022ccedd3
C  0x0000000022cc20e5
C  0x0000000022cc2517
C  0x0000000002315e34

Java frames: (J=compiled Java code, j=interpreted, Vv=VM code)
j  com.sun.jna.Function.invokeVoid(I[Ljava/lang/Object;)V+0
j  com.sun.jna.Function.invoke([Ljava/lang/Object;Ljava/lang/Class;Z)Ljava/lang/Object;+45
j  com.sun.jna.Function.invoke(Ljava/lang/Class;[Ljava/lang/Object;Ljava/util/Map;)Ljava/lang/Object;+214
j  com.sun.jna.Library$Handler.invoke(Ljava/lang/Object;Ljava/lang/reflect/Method;[Ljava/lang/Object;)Ljava/lang/Object;+341
j  com.sun.proxy.$Proxy11.estimate(Lcom/sun/jna/Pointer;IIIILcom/sun/jna/ptr/PointerByReference;)V+52
j  NativeCodeJNA.NativeCall([F[FIIFIII)[F+149
v  ~StubRoutines::call_stub
J 4505  sun.reflect.NativeMethodAccessorImpl.invoke0(Ljava/lang/reflect/Method;Ljava/lang/Object;[Ljava/lang/Object;)Ljava/lang/Object; (0 bytes) @ 0x00000000024b31ff [0x00000000024b3180+0x7f]
J 4504 C1 sun.reflect.NativeMethodAccessorImpl.invoke(Ljava/lang/Object;[Ljava/lang/Object;)Ljava/lang/Object; (104 bytes) @ 0x0000000002f69c3c [0x0000000002f68a40+0x11fc]
J 1807 C1 sun.reflect.DelegatingMethodAccessorImpl.invoke(Ljava/lang/Object;[Ljava/lang/Object;)Ljava/lang/Object; (10 bytes) @ 0x000000000296eb34 [0x000000000296eac0+0x74]
J 2174 C1 java.lang.reflect.Method.invoke(Ljava/lang/Object;[Ljava/lang/Object;)Ljava/lang/Object; (62 bytes) @ 0x00000000025b64ac [0x00000000025b60c0+0x3ec]
j  org.python.core.PyReflectedFunction.__call__(Lorg/python/core/PyObject;[Lorg/python/core/PyObject;[Ljava/lang/String;)Lorg/python/core/PyObject;+217
j  org.python.core.PyReflectedFunction.__call__([Lorg/python/core/PyObject;[Ljava/lang/String;)Lorg/python/core/PyObject;+43
j  org.python.core.PyObject.__call__([Lorg/python/core/PyObject;)Lorg/python/core/PyObject;+5
j  org.python.core.PyObject.__call__(Lorg/python/core/ThreadState;[Lorg/python/core/PyObject;)Lorg/python/core/PyObject;+2
j  org.python.pycode._pyx0.f$0(Lorg/python/core/PyFrame;Lorg/python/core/ThreadState;)Lorg/python/core/PyObject;+2348
j  org.python.pycode._pyx0.call_function(ILorg/python/core/PyFrame;Lorg/python/core/ThreadState;)Lorg/python/core/PyObject;+28
j  org.python.core.PyTableCode.call(Lorg/python/core/ThreadState;Lorg/python/core/PyFrame;Lorg/python/core/PyObject;)Lorg/python/core/PyObject;+129
j  org.python.core.PyCode.call(Lorg/python/core/ThreadState;Lorg/python/core/PyFrame;)Lorg/python/core/PyObject;+4
j  org.python.core.Py.runCode(Lorg/python/core/PyCode;Lorg/python/core/PyObject;Lorg/python/core/PyObject;)Lorg/python/core/PyObject;+97
j  org.scijava.plugins.scripting.jython.JythonScriptEngine.eval(Ljava/io/Reader;)Ljava/lang/Object;+28
j  org.scijava.script.ScriptModule.run()V+183
j  org.scijava.module.ModuleRunner.run()V+144
j  org.scijava.module.ModuleRunner.call()Lorg/scijava/module/Module;+1
j  org.scijava.module.ModuleRunner.call()Ljava/lang/Object;+1
j  org.scijava.thread.DefaultThreadService$2.call()Ljava/lang/Object;+28
j  java.util.concurrent.FutureTask.run()V+42
j  java.util.concurrent.ThreadPoolExecutor.runWorker(Ljava/util/concurrent/ThreadPoolExecutor$Worker;)V+95
j  java.util.concurrent.ThreadPoolExecutor$Worker.run()V+5
j  java.lang.Thread.run()V+11
v  ~StubRoutines::call_stub

---------------  P R O C E S S  ---------------

Java Threads: ( => current thread )
  0x000000003101a000 JavaThread "Image Fetcher 0" daemon [_thread_blocked, id=15508, stack(0x0000000031fe0000,0x00000000321e0000)]
  0x0000000031019000 JavaThread "SciJava-c46ccf7-Thread-3" [_thread_blocked, id=2188, stack(0x0000000030da0000,0x0000000030fa0000)]
  0x000000001f523000 JavaThread "SciJava-c46ccf7-Thread-2" [_thread_blocked, id=5068, stack(0x000000002eaf0000,0x000000002ecf0000)]
  0x000000001f51e000 JavaThread "org.python.google.common.base.internal.Finalizer" daemon [_thread_blocked, id=16012, stack(0x0000000029d60000,0x0000000029f60000)]
  0x000000001f51f800 JavaThread "CANDLE " [_thread_blocked, id=7000, stack(0x0000000029760000,0x0000000029960000)]
  0x000000001f521000 JavaThread "zSelector" [_thread_blocked, id=14552, stack(0x000000002d3c0000,0x000000002d5c0000)]
  0x000000001f51c800 JavaThread "TimerQueue" daemon [_thread_blocked, id=9864, stack(0x000000002f220000,0x000000002f420000)]
  0x000000001f51e800 JavaThread "DestroyJavaVM" [_thread_blocked, id=12904, stack(0x0000000000040000,0x0000000000240000)]
  0x000000001e6f4800 JavaThread "GC Daemon" daemon [_thread_blocked, id=15844, stack(0x0000000025300000,0x0000000025500000)]
  0x000000002115c000 JavaThread "RMI Reaper" [_thread_blocked, id=15712, stack(0x0000000025100000,0x0000000025300000)]
  0x0000000021556800 JavaThread "RMI TCP Accept-0" daemon [_thread_in_native, id=15852, stack(0x00000000243c0000,0x00000000245c0000)]
  0x000000001ffee800 JavaThread "SciJava-c46ccf7-Thread-1" [_thread_blocked, id=16076, stack(0x0000000024d00000,0x0000000024f00000)]
=>0x00000000216b7000 JavaThread "Run$_SciJava-c46ccf7-Thread-0" [_thread_in_native, id=12724, stack(0x00000000247c0000,0x00000000249c0000)]
  0x0000000021555800 JavaThread "AWT-EventQueue-0" [_thread_blocked, id=16228, stack(0x00000000241c0000,0x00000000243c0000)]
  0x00000000201b0000 JavaThread "AWT-Windows" daemon [_thread_in_native, id=13036, stack(0x00000000227f0000,0x00000000229f0000)]
  0x00000000201af800 JavaThread "AWT-Shutdown" [_thread_blocked, id=16240, stack(0x00000000225f0000,0x00000000227f0000)]
  0x000000001ff26800 JavaThread "Java2D Disposer" daemon [_thread_blocked, id=12744, stack(0x00000000223f0000,0x00000000225f0000)]
  0x000000001c6e4000 JavaThread "Service Thread" daemon [_thread_blocked, id=12852, stack(0x000000001df80000,0x000000001e180000)]
  0x000000001c6b3800 JavaThread "C1 CompilerThread2" daemon [_thread_blocked, id=15448, stack(0x000000001dd80000,0x000000001df80000)]
  0x000000001c6a7000 JavaThread "C2 CompilerThread1" daemon [_thread_blocked, id=15496, stack(0x000000001db80000,0x000000001dd80000)]
  0x000000001c654800 JavaThread "C2 CompilerThread0" daemon [_thread_blocked, id=6656, stack(0x000000001d980000,0x000000001db80000)]
  0x000000001c651800 JavaThread "Attach Listener" daemon [_thread_blocked, id=12772, stack(0x000000001d780000,0x000000001d980000)]
  0x000000001c650800 JavaThread "Signal Dispatcher" daemon [_thread_blocked, id=6524, stack(0x000000001d580000,0x000000001d780000)]
  0x000000001c64f800 JavaThread "Surrogate Locker Thread (Concurrent GC)" daemon [_thread_blocked, id=7884, stack(0x000000001d380000,0x000000001d580000)]
  0x000000001c60f000 JavaThread "Finalizer" daemon [_thread_blocked, id=13648, stack(0x000000001d180000,0x000000001d380000)]
  0x000000001c608000 JavaThread "Reference Handler" daemon [_thread_blocked, id=5552, stack(0x000000001cf80000,0x000000001d180000)]

Other Threads:
  0x000000001c602800 VMThread [stack: 0x000000001cd80000,0x000000001cf80000] [id=6780]
  0x000000001c6e8000 WatcherThread [stack: 0x000000001e180000,0x000000001e380000] [id=13044]

VM state:not at safepoint (normal execution)

VM Mutex/Monitor currently owned by a thread: None

Heap:
 par new generation   total 39296K, used 15146K [0x0000000644200000, 0x0000000646ca0000, 0x0000000658ec0000)
  eden space 34944K,  33% used [0x0000000644200000, 0x0000000644d786f0, 0x0000000646420000)
  from space 4352K,  78% used [0x0000000646860000, 0x0000000646bb22d8, 0x0000000646ca0000)
  to   space 4352K,   0% used [0x0000000646420000, 0x0000000646420000, 0x0000000646860000)
 concurrent mark-sweep generation total 87424K, used 47757K [0x0000000658ec0000, 0x000000065e420000, 0x00000007c0000000)
 Metaspace       used 56210K, capacity 56614K, committed 57052K, reserved 1097728K
  class space    used 9516K, capacity 9619K, committed 9692K, reserved 1048576K

Card table byte_map: [0x0000000011ec0000,0x0000000012aa0000] byte_map_base: 0x000000000ec9f000

Marking Bits: (CMSBitMap*) 0x0000000001ee1538
 Bits: [0x0000000013a20000, 0x00000000193e5000)

Mod Union Table: (CMSBitMap*) 0x0000000001ee15f8
 Bits: [0x00000000193f0000, 0x0000000019557140)

Polling page: 0x00000000003b0000

CodeCache: size=245760Kb used=15600Kb max_used=15906Kb free=230159Kb
 bounds [0x0000000002300000, 0x00000000032b0000, 0x0000000011300000]
 total_blobs=5137 nmethods=4467 adapters=581
 compilation: enabled

Compilation events (10 events):
Event: 225.751 Thread 0x000000001c6b3800 nmethod 5467 0x0000000002ea6390 code [0x0000000002ea6500, 0x0000000002ea6750]
Event: 225.752 Thread 0x000000001c6b3800 5468  s    3       sun.java2d.loops.GraphicsPrimitiveMgr::locatePrim (96 bytes)
Event: 225.753 Thread 0x000000001c6b3800 nmethod 5468 0x00000000024aee50 code [0x00000000024af040, 0x00000000024afd88]
Event: 225.753 Thread 0x000000001c6b3800 5469       3       sun.java2d.SunGraphics2D::isHiDPIImage (29 bytes)
Event: 225.754 Thread 0x000000001c6b3800 nmethod 5469 0x0000000003136690 code [0x0000000003136840, 0x0000000003136ef8]
Event: 225.754 Thread 0x000000001c6b3800 5470       1       sun.awt.image.BufImgSurfaceManager::getPrimarySurfaceData (5 bytes)
Event: 225.754 Thread 0x000000001c6b3800 nmethod 5470 0x0000000002e65ed0 code [0x0000000002e66020, 0x0000000002e66130]
Event: 225.774 Thread 0x000000001c6a7000 nmethod 5429% 0x00000000031b4e50 code [0x00000000031b50c0, 0x00000000031b7398]
Event: 225.813 Thread 0x000000001c6b3800 5471  s    3       sun.font.FileFontStrike::setCachedGlyphPtr (269 bytes)
Event: 225.815 Thread 0x000000001c6b3800 nmethod 5471 0x0000000002febc10 code [0x0000000002febe60, 0x0000000002fecdb8]

GC Heap History (10 events):
Event: 223.742 GC heap before
{Heap before GC invocations=34 (full 7):
 par new generation   total 39296K, used 34952K [0x0000000644200000, 0x0000000646ca0000, 0x0000000658ec0000)
  eden space 34944K, 100% used [0x0000000644200000, 0x0000000646420000, 0x0000000646420000)
  from space 4352K,   0% used [0x0000000646420000, 0x0000000646422040, 0x0000000646860000)
  to   space 4352K,   0% used [0x0000000646860000, 0x0000000646860000, 0x0000000646ca0000)
 concurrent mark-sweep generation total 87424K, used 40588K [0x0000000658ec0000, 0x000000065e420000, 0x00000007c0000000)
 Metaspace       used 55813K, capacity 56188K, committed 56796K, reserved 1095680K
  class space    used 9482K, capacity 9585K, committed 9692K, reserved 1048576K
Event: 223.744 GC heap after
Heap after GC invocations=35 (full 7):
 par new generation   total 39296K, used 8K [0x0000000644200000, 0x0000000646ca0000, 0x0000000658ec0000)
  eden space 34944K,   0% used [0x0000000644200000, 0x0000000644200000, 0x0000000646420000)
  from space 4352K,   0% used [0x0000000646860000, 0x0000000646862040, 0x0000000646ca0000)
  to   space 4352K,   0% used [0x0000000646420000, 0x0000000646420000, 0x0000000646860000)
 concurrent mark-sweep generation total 87424K, used 40588K [0x0000000658ec0000, 0x000000065e420000, 0x00000007c0000000)
 Metaspace       used 55813K, capacity 56188K, committed 56796K, reserved 1095680K
  class space    used 9482K, capacity 9585K, committed 9692K, reserved 1048576K
}
Event: 223.925 GC heap before
{Heap before GC invocations=35 (full 7):
 par new generation   total 39296K, used 34952K [0x0000000644200000, 0x0000000646ca0000, 0x0000000658ec0000)
  eden space 34944K, 100% used [0x0000000644200000, 0x0000000646420000, 0x0000000646420000)
  from space 4352K,   0% used [0x0000000646860000, 0x0000000646862040, 0x0000000646ca0000)
  to   space 4352K,   0% used [0x0000000646420000, 0x0000000646420000, 0x0000000646860000)
 concurrent mark-sweep generation total 87424K, used 40588K [0x0000000658ec0000, 0x000000065e420000, 0x00000007c0000000)
 Metaspace       used 55813K, capacity 56188K, committed 56796K, reserved 1095680K
  class space    used 9482K, capacity 9585K, committed 9692K, reserved 1048576K
Event: 223.926 GC heap after
Heap after GC invocations=36 (full 7):
 par new generation   total 39296K, used 8K [0x0000000644200000, 0x0000000646ca0000, 0x0000000658ec0000)
  eden space 34944K,   0% used [0x0000000644200000, 0x0000000644200000, 0x0000000646420000)
  from space 4352K,   0% used [0x0000000646420000, 0x0000000646422040, 0x0000000646860000)
  to   space 4352K,   0% used [0x0000000646860000, 0x0000000646860000, 0x0000000646ca0000)
 concurrent mark-sweep generation total 87424K, used 40588K [0x0000000658ec0000, 0x000000065e420000, 0x00000007c0000000)
 Metaspace       used 55813K, capacity 56188K, committed 56796K, reserved 1095680K
  class space    used 9482K, capacity 9585K, committed 9692K, reserved 1048576K
}
Event: 224.102 GC heap before
{Heap before GC invocations=36 (full 7):
 par new generation   total 39296K, used 34952K [0x0000000644200000, 0x0000000646ca0000, 0x0000000658ec0000)
  eden space 34944K, 100% used [0x0000000644200000, 0x0000000646420000, 0x0000000646420000)
  from space 4352K,   0% used [0x0000000646420000, 0x0000000646422040, 0x0000000646860000)
  to   space 4352K,   0% used [0x0000000646860000, 0x0000000646860000, 0x0000000646ca0000)
 concurrent mark-sweep generation total 87424K, used 40588K [0x0000000658ec0000, 0x000000065e420000, 0x00000007c0000000)
 Metaspace       used 55813K, capacity 56188K, committed 56796K, reserved 1095680K
  class space    used 9482K, capacity 9585K, committed 9692K, reserved 1048576K
Event: 224.104 GC heap after
Heap after GC invocations=37 (full 7):
 par new generation   total 39296K, used 8K [0x0000000644200000, 0x0000000646ca0000, 0x0000000658ec0000)
  eden space 34944K,   0% used [0x0000000644200000, 0x0000000644200000, 0x0000000646420000)
  from space 4352K,   0% used [0x0000000646860000, 0x0000000646862040, 0x0000000646ca0000)
  to   space 4352K,   0% used [0x0000000646420000, 0x0000000646420000, 0x0000000646860000)
 concurrent mark-sweep generation total 87424K, used 40589K [0x0000000658ec0000, 0x000000065e420000, 0x00000007c0000000)
 Metaspace       used 55813K, capacity 56188K, committed 56796K, reserved 1095680K
  class space    used 9482K, capacity 9585K, committed 9692K, reserved 1048576K
}
Event: 224.315 GC heap before
{Heap before GC invocations=37 (full 8):
 par new generation   total 39296K, used 34952K [0x0000000644200000, 0x0000000646ca0000, 0x0000000658ec0000)
  eden space 34944K, 100% used [0x0000000644200000, 0x0000000646420000, 0x0000000646420000)
  from space 4352K,   0% used [0x0000000646860000, 0x0000000646862040, 0x0000000646ca0000)
  to   space 4352K,   0% used [0x0000000646420000, 0x0000000646420000, 0x0000000646860000)
 concurrent mark-sweep generation total 87424K, used 40589K [0x0000000658ec0000, 0x000000065e420000, 0x00000007c0000000)
 Metaspace       used 55813K, capacity 56188K, committed 56796K, reserved 1095680K
  class space    used 9482K, capacity 9585K, committed 9692K, reserved 1048576K
Event: 224.317 GC heap after
Heap after GC invocations=38 (full 8):
 par new generation   total 39296K, used 6K [0x0000000644200000, 0x0000000646ca0000, 0x0000000658ec0000)
  eden space 34944K,   0% used [0x0000000644200000, 0x0000000644200000, 0x0000000646420000)
  from space 4352K,   0% used [0x0000000646420000, 0x0000000646421830, 0x0000000646860000)
  to   space 4352K,   0% used [0x0000000646860000, 0x0000000646860000, 0x0000000646ca0000)
 concurrent mark-sweep generation total 87424K, used 40589K [0x0000000658ec0000, 0x000000065e420000, 0x00000007c0000000)
 Metaspace       used 55813K, capacity 56188K, committed 56796K, reserved 1095680K
  class space    used 9482K, capacity 9585K, committed 9692K, reserved 1048576K
}
Event: 224.852 GC heap before
{Heap before GC invocations=38 (full 8):
 par new generation   total 39296K, used 34950K [0x0000000644200000, 0x0000000646ca0000, 0x0000000658ec0000)
  eden space 34944K, 100% used [0x0000000644200000, 0x0000000646420000, 0x0000000646420000)
  from space 4352K,   0% used [0x0000000646420000, 0x0000000646421830, 0x0000000646860000)
  to   space 4352K,   0% used [0x0000000646860000, 0x0000000646860000, 0x0000000646ca0000)
 concurrent mark-sweep generation total 87424K, used 40589K [0x0000000658ec0000, 0x000000065e420000, 0x00000007c0000000)
 Metaspace       used 55892K, capacity 56252K, committed 56796K, reserved 1095680K
  class space    used 9485K, capacity 9585K, committed 9692K, reserved 1048576K
Event: 224.881 GC heap after
Heap after GC invocations=39 (full 8):
 par new generation   total 39296K, used 3400K [0x0000000644200000, 0x0000000646ca0000, 0x0000000658ec0000)
  eden space 34944K,   0% used [0x0000000644200000, 0x0000000644200000, 0x0000000646420000)
  from space 4352K,  78% used [0x0000000646860000, 0x0000000646bb22d8, 0x0000000646ca0000)
  to   space 4352K,   0% used [0x0000000646420000, 0x0000000646420000, 0x0000000646860000)
 concurrent mark-sweep generation total 87424K, used 47757K [0x0000000658ec0000, 0x000000065e420000, 0x00000007c0000000)
 Metaspace       used 55892K, capacity 56252K, committed 56796K, reserved 1095680K
  class space    used 9485K, capacity 9585K, committed 9692K, reserved 1048576K
}

Deoptimization events (10 events):
Event: 223.195 Thread 0x000000003101a800 Uncommon trap: reason=unstable_if action=reinterpret pc=0x00000000026f39f4 method=ij.process.StackProcessor.getNeighborhood([IIIIIFFF)Lij/util/ArrayUtil; @ 152
Event: 223.236 Thread 0x000000003101a000 Uncommon trap: reason=unstable_if action=reinterpret pc=0x0000000002c92184 method=ij.process.StackProcessor.filter3D(Lij/ImageStack;FFFIII)V @ 119
Event: 223.250 Thread 0x000000003101a800 Uncommon trap: reason=unstable_if action=reinterpret pc=0x0000000002c92184 method=ij.process.StackProcessor.filter3D(Lij/ImageStack;FFFIII)V @ 119
Event: 223.636 Thread 0x000000003101b800 Uncommon trap: reason=unstable_if action=reinterpret pc=0x0000000002c92184 method=ij.process.StackProcessor.filter3D(Lij/ImageStack;FFFIII)V @ 119
Event: 225.064 Thread 0x00000000216b7000 Uncommon trap: reason=unstable_if action=reinterpret pc=0x0000000002f7edac method=java.lang.StrictMath.floorOrCeil(DDDD)D @ 24
Event: 225.660 Thread 0x00000000216b7000 Uncommon trap: reason=null_check action=make_not_entrant pc=0x000000000328abfc method=com.sun.jna.Native.getNativeSize(Ljava/lang/Class;)I @ 22
Event: 225.718 Thread 0x00000000216b7000 Uncommon trap: reason=unstable_if action=reinterpret pc=0x000000000305a638 method=NativeCodeJNA.NativeCall([F[FIIFIII)[F @ 68
Event: 225.801 Thread 0x00000000216b7000 Uncommon trap: reason=unstable_if action=reinterpret pc=0x000000000250b4e4 method=java.awt.Font.equals(Ljava/lang/Object;)Z @ 24
Event: 225.810 Thread 0x0000000021555800 Uncommon trap: reason=unstable_if action=reinterpret pc=0x00000000029fb448 method=java.awt.font.FontRenderContext.equals(Ljava/awt/font/FontRenderContext;)Z @ 35
Event: 225.812 Thread 0x00000000216b7000 Uncommon trap: reason=unstable_if action=reinterpret pc=0x00000000024fd8b4 method=com.sun.jna.Native.getNativeSize(Ljava/lang/Class;)I @ 252

Internal exceptions (10 events):
Event: 225.312 Thread 0x00000000216b7000 Exception <a 'java/io/IOException'> (0x00000006442e4958) thrown at [C:\re\workspace\8-2-build-windows-amd64-cygwin\jdk8u51\3951\hotspot\src\share\vm\prims\jni.cpp, line 709]
Event: 225.313 Thread 0x00000000216b7000 Exception <a 'java/io/IOException'> (0x00000006442e58a0) thrown at [C:\re\workspace\8-2-build-windows-amd64-cygwin\jdk8u51\3951\hotspot\src\share\vm\prims\jni.cpp, line 709]
Event: 225.313 Thread 0x00000000216b7000 Exception <a 'java/io/IOException'> (0x00000006442e5c98) thrown at [C:\re\workspace\8-2-build-windows-amd64-cygwin\jdk8u51\3951\hotspot\src\share\vm\prims\jni.cpp, line 709]
Event: 225.313 Thread 0x00000000216b7000 Exception <a 'java/io/IOException'> (0x00000006442e6bd8) thrown at [C:\re\workspace\8-2-build-windows-amd64-cygwin\jdk8u51\3951\hotspot\src\share\vm\prims\jni.cpp, line 709]
Event: 225.313 Thread 0x00000000216b7000 Exception <a 'java/io/IOException'> (0x00000006442e7e70) thrown at [C:\re\workspace\8-2-build-windows-amd64-cygwin\jdk8u51\3951\hotspot\src\share\vm\prims\jni.cpp, line 709]
Event: 225.314 Thread 0x00000000216b7000 Exception <a 'java/io/IOException'> (0x00000006442e9128) thrown at [C:\re\workspace\8-2-build-windows-amd64-cygwin\jdk8u51\3951\hotspot\src\share\vm\prims\jni.cpp, line 709]
Event: 225.314 Thread 0x00000000216b7000 Exception <a 'java/io/IOException'> (0x00000006442e94c0) thrown at [C:\re\workspace\8-2-build-windows-amd64-cygwin\jdk8u51\3951\hotspot\src\share\vm\prims\jni.cpp, line 709]
Event: 225.332 Thread 0x00000000216b7000 Exception <a 'java/io/IOException'> (0x00000006444c5488) thrown at [C:\re\workspace\8-2-build-windows-amd64-cygwin\jdk8u51\3951\hotspot\src\share\vm\prims\jni.cpp, line 709]
Event: 225.332 Thread 0x00000000216b7000 Exception <a 'java/io/IOException'> (0x00000006444c6748) thrown at [C:\re\workspace\8-2-build-windows-amd64-cygwin\jdk8u51\3951\hotspot\src\share\vm\prims\jni.cpp, line 709]
Event: 225.332 Thread 0x00000000216b7000 Exception <a 'java/io/IOException'> (0x00000006444c6ae0) thrown at [C:\re\workspace\8-2-build-windows-amd64-cygwin\jdk8u51\3951\hotspot\src\share\vm\prims\jni.cpp, line 709]

Events (10 events):
Event: 225.810 Thread 0x0000000021555800 DEOPT PACKING pc=0x00000000029fb448 sp=0x00000000243bd620
Event: 225.810 Thread 0x0000000021555800 DEOPT UNPACKING pc=0x000000000234582a sp=0x00000000243bd5c0 mode 2
Event: 225.810 loading class com/sun/jna/FunctionResultContext
Event: 225.810 loading class com/sun/jna/FunctionResultContext done
Event: 225.810 Executing VM operation: RevokeBias
Event: 225.810 Executing VM operation: RevokeBias done
Event: 225.812 Thread 0x00000000216b7000 Uncommon trap: trap_request=0xffffff65 fr.pc=0x00000000024fd8b4
Event: 225.812 Thread 0x00000000216b7000 DEOPT PACKING pc=0x00000000024fd8b4 sp=0x00000000249be0b0
Event: 225.812 Thread 0x00000000216b7000 DEOPT UNPACKING pc=0x000000000234582a sp=0x00000000249be050 mode 2
Event: 225.815 Thread 0x000000001c6b3800 flushing nmethod 0x0000000002487290


Dynamic libraries:
0x0000000000400000 - 0x0000000000462000 	C:\Users\noambox\Documents\NielFiji-repo\Fiji\ImageJ-win64.exe
0x00007ffeacf90000 - 0x00007ffead13c000 	C:\WINDOWS\SYSTEM32\ntdll.dll
0x00007ffeaab90000 - 0x00007ffeaacce000 	C:\WINDOWS\system32\KERNEL32.DLL
0x00007ffeaa2b0000 - 0x00007ffeaa3c5000 	C:\WINDOWS\system32\KERNELBASE.dll
0x00007ffea81c0000 - 0x00007ffea824e000 	C:\WINDOWS\system32\apphelp.dll
0x00007ffeace80000 - 0x00007ffeacf2a000 	C:\WINDOWS\system32\ADVAPI32.dll
0x00007ffeacc50000 - 0x00007ffeaccfa000 	C:\WINDOWS\system32\msvcrt.dll
0x00007ffeacd00000 - 0x00007ffeace77000 	C:\WINDOWS\system32\USER32.dll
0x00007ffeacaa0000 - 0x00007ffeacaf9000 	C:\WINDOWS\SYSTEM32\sechost.dll
0x00007ffeacb00000 - 0x00007ffeacc41000 	C:\WINDOWS\system32\RPCRT4.dll
0x00007ffeaace0000 - 0x00007ffeaae2f000 	C:\WINDOWS\system32\GDI32.dll
0x00007ffeaa930000 - 0x00007ffeaa966000 	C:\WINDOWS\system32\IMM32.DLL
0x00007ffeaa7d0000 - 0x00007ffeaa922000 	C:\WINDOWS\system32\MSCTF.dll
0x0000000061aa0000 - 0x0000000061ad9000 	C:\Users\noambox\DOCUME~1\NIELFI~1\Fiji\java\win64\jdk1.8.0_51\jre\bin\splashscreen.dll
0x0000000061e70000 - 0x0000000061f42000 	C:\WINDOWS\SYSTEM32\MSVCR100.dll
0x00007ffea8290000 - 0x00007ffea83b9000 	C:\WINDOWS\system32\uxtheme.dll
0x00007ffeaa970000 - 0x00007ffeaab81000 	C:\WINDOWS\SYSTEM32\combase.dll
0x000000005ac00000 - 0x000000005b483000 	C:\Users\noambox\DOCUME~1\NIELFI~1\Fiji\java\win64\jdk1.8.0_51\jre\bin\server\jvm.dll
0x00007ffea1320000 - 0x00007ffea1329000 	C:\WINDOWS\SYSTEM32\WSOCK32.dll
0x00007ffea2740000 - 0x00007ffea2762000 	C:\WINDOWS\SYSTEM32\WINMM.dll
0x00007ffea8af0000 - 0x00007ffea8afa000 	C:\WINDOWS\SYSTEM32\VERSION.dll
0x00007ffeaa610000 - 0x00007ffeaa617000 	C:\WINDOWS\system32\PSAPI.DLL
0x00007ffeacf30000 - 0x00007ffeacf8a000 	C:\WINDOWS\system32\WS2_32.dll
0x00007ffea2710000 - 0x00007ffea273a000 	C:\WINDOWS\SYSTEM32\WINMMBASE.dll
0x00007ffeaacd0000 - 0x00007ffeaacd9000 	C:\WINDOWS\system32\NSI.dll
0x00007ffeaa260000 - 0x00007ffeaa2af000 	C:\WINDOWS\SYSTEM32\cfgmgr32.dll
0x00007ffea8410000 - 0x00007ffea8438000 	C:\WINDOWS\SYSTEM32\DEVOBJ.dll
0x0000000061410000 - 0x000000006141f000 	C:\Users\noambox\DOCUME~1\NIELFI~1\Fiji\java\win64\jdk1.8.0_51\jre\bin\verify.dll
0x00000000613e0000 - 0x0000000061409000 	C:\Users\noambox\DOCUME~1\NIELFI~1\Fiji\java\win64\jdk1.8.0_51\jre\bin\java.dll
0x00007ffe9f420000 - 0x00007ffe9f4cb000 	C:\Program Files\Common Files\microsoft shared\ink\tiptsf.dll
0x00007ffeac7d0000 - 0x00007ffeac891000 	C:\WINDOWS\system32\OLEAUT32.dll
0x000000005abe0000 - 0x000000005abf6000 	C:\Users\noambox\DOCUME~1\NIELFI~1\Fiji\java\win64\jdk1.8.0_51\jre\bin\zip.dll
0x00007ffeaaf60000 - 0x00007ffeab0f4000 	C:\WINDOWS\system32\ole32.dll
0x00007ffea8480000 - 0x00007ffea848b000 	C:\WINDOWS\SYSTEM32\kernel.appcore.dll
0x00007ffeaa020000 - 0x00007ffeaa02b000 	C:\WINDOWS\SYSTEM32\CRYPTBASE.dll
0x00007ffea9fb0000 - 0x00007ffeaa013000 	C:\WINDOWS\SYSTEM32\bcryptPrimitives.dll
0x00007ffea6e20000 - 0x00007ffea6e8a000 	C:\WINDOWS\SYSTEM32\oleacc.dll
0x00007ffeab100000 - 0x00007ffeac62b000 	C:\WINDOWS\system32\SHELL32.dll
0x00007ffeac630000 - 0x00007ffeac684000 	C:\WINDOWS\system32\SHLWAPI.dll
0x00007ffea9770000 - 0x00007ffea9822000 	C:\WINDOWS\SYSTEM32\SHCORE.dll
0x00007ffeaa0e0000 - 0x00007ffeaa0f5000 	C:\WINDOWS\SYSTEM32\profapi.dll
0x00007ffeaaea0000 - 0x00007ffeaaf56000 	C:\WINDOWS\SYSTEM32\clbcatq.dll
0x000000005aa40000 - 0x000000005abd8000 	C:\Users\noambox\Documents\NielFiji-repo\Fiji\java\win64\jdk1.8.0_51\jre\bin\awt.dll
0x00007ffea7d10000 - 0x00007ffea7d31000 	C:\WINDOWS\system32\DWMAPI.DLL
0x00007ffe9ae20000 - 0x00007ffe9aec4000 	C:\WINDOWS\WinSxS\amd64_microsoft.windows.common-controls_6595b64144ccf1df_5.82.9600.17810_none_34ae2abd958aedeb\COMCTL32.dll
0x000000005aa20000 - 0x000000005aa3a000 	C:\Users\noambox\Documents\NielFiji-repo\Fiji\java\win64\jdk1.8.0_51\jre\bin\net.dll
0x00007ffea9520000 - 0x00007ffea9579000 	C:\WINDOWS\system32\mswsock.dll
0x00007ffea8a40000 - 0x00007ffea8a55000 	C:\WINDOWS\system32\napinsp.dll
0x00007ffea8a60000 - 0x00007ffea8a7a000 	C:\WINDOWS\system32\pnrpnsp.dll
0x00007ffea5af0000 - 0x00007ffea5b0b000 	C:\WINDOWS\system32\NLAapi.dll
0x00007ffea9230000 - 0x00007ffea92d4000 	C:\WINDOWS\SYSTEM32\DNSAPI.dll
0x00007ffea9ec0000 - 0x00007ffea9ecd000 	C:\WINDOWS\System32\winrnr.dll
0x0000000063560000 - 0x0000000063569000 	C:\Program Files\National Instruments\Shared\mDNS Responder\nimdnsNSP.dll
0x0000000063550000 - 0x000000006355e000 	C:\WINDOWS\SYSTEM32\nimdnsResponder.dll
0x0000000062510000 - 0x00000000625b3000 	C:\WINDOWS\WinSxS\amd64_microsoft.vc90.crt_1fc8b3b9a1e18e3b_9.0.30729.8387_none_08e793bfa83a89b5\MSVCR90.dll
0x00007ffea5f70000 - 0x00007ffea5f9a000 	C:\WINDOWS\SYSTEM32\Iphlpapi.DLL
0x00007ffea5f20000 - 0x00007ffea5f2a000 	C:\WINDOWS\SYSTEM32\WINNSI.DLL
0x00007ffea8a80000 - 0x00007ffea8a94000 	C:\WINDOWS\system32\wshbth.dll
0x00007ffea23c0000 - 0x00007ffea23ca000 	C:\Windows\System32\rasadhlp.dll
0x00007ffea4860000 - 0x00007ffea48cb000 	C:\WINDOWS\System32\fwpuclnt.dll
0x00007ffea96e0000 - 0x00007ffea9700000 	C:\WINDOWS\SYSTEM32\CRYPTSP.dll
0x00007ffea9170000 - 0x00007ffea91a6000 	C:\WINDOWS\system32\rsaenh.dll
0x00007ffea98f0000 - 0x00007ffea9916000 	C:\WINDOWS\SYSTEM32\bcrypt.dll
0x00007ffea93a0000 - 0x00007ffea93c1000 	C:\WINDOWS\SYSTEM32\USERENV.dll
0x00007ffea5c60000 - 0x00007ffea5c76000 	C:\WINDOWS\SYSTEM32\dhcpcsvc6.DLL
0x00007ffea5c80000 - 0x00007ffea5c9a000 	C:\WINDOWS\SYSTEM32\dhcpcsvc.DLL
0x000000005aa00000 - 0x000000005aa11000 	C:\Users\noambox\Documents\NielFiji-repo\Fiji\java\win64\jdk1.8.0_51\jre\bin\nio.dll
0x00007ffe8de70000 - 0x00007ffe8df8c000 	C:\Users\noambox\AppData\Local\Temp\SlideBook6Reader8398247868688610454.dll
0x0000000061d70000 - 0x0000000061e08000 	C:\WINDOWS\SYSTEM32\MSVCP100.dll
0x000000005a4a0000 - 0x000000005a9fd000 	C:\WINDOWS\SYSTEM32\mfc100.dll
0x00007ffea2920000 - 0x00007ffea2927000 	C:\WINDOWS\SYSTEM32\MSIMG32.dll
0x00000000613d0000 - 0x00000000613dd000 	C:\WINDOWS\SYSTEM32\MFC100ENU.DLL
0x000000005a450000 - 0x000000005a497000 	C:\Users\noambox\Documents\NielFiji-repo\Fiji\java\win64\jdk1.8.0_51\jre\bin\fontmanager.dll
0x000000005a400000 - 0x000000005a442000 	C:\Users\noambox\Documents\NielFiji-repo\Fiji\java\win64\jdk1.8.0_51\jre\bin\t2k.dll
0x00007ffea9bf0000 - 0x00007ffea9e6b000 	C:\WINDOWS\WinSxS\amd64_microsoft.windows.common-controls_6595b64144ccf1df_6.0.9600.18006_none_623f33d3ecbe86e8\comctl32.dll
0x00007ffea72f0000 - 0x00007ffea749e000 	C:\WINDOWS\SYSTEM32\WindowsCodecs.dll
0x000000005a3d0000 - 0x000000005a3fa000 	C:\Users\noambox\Documents\NielFiji-repo\Fiji\java\win64\jdk1.8.0_51\jre\bin\dcpr.dll
0x00007ffeac710000 - 0x00007ffeac7c6000 	C:\WINDOWS\system32\COMDLG32.dll
0x00007ffeac8b0000 - 0x00007ffeaca8a000 	C:\WINDOWS\system32\SETUPAPI.dll
0x00007ffea6010000 - 0x00007ffea618f000 	C:\WINDOWS\system32\propsys.dll
0x00007ffea0320000 - 0x00007ffea032f000 	C:\WINDOWS\SYSTEM32\atlthunk.dll
0x00007ffe974a0000 - 0x00007ffe974ce000 	C:\Windows\System32\thumbcache.dll
0x00007ffe94d70000 - 0x00007ffe94e2a000 	C:\WINDOWS\SYSTEM32\ntshrui.dll
0x00007ffea9f80000 - 0x00007ffea9fae000 	C:\WINDOWS\SYSTEM32\SspiCli.dll
0x00007ffea9e70000 - 0x00007ffea9e96000 	C:\WINDOWS\SYSTEM32\srvcli.dll
0x00007ffea07a0000 - 0x00007ffea07b2000 	C:\WINDOWS\SYSTEM32\cscapi.dll
0x00007ffe8fa60000 - 0x00007ffe8fb1c000 	C:\WINDOWS\System32\StructuredQuery.dll
0x00007ffe9cb80000 - 0x00007ffe9ce43000 	C:\Windows\System32\actxprxy.dll
0x00007ffe8fd30000 - 0x00007ffe8fe6c000 	C:\WINDOWS\system32\SearchFolder.dll
0x00007ffe92030000 - 0x00007ffe920f0000 	C:\Program Files (x86)\Google\Drive\googledrivesync64.dll
0x0000000061b80000 - 0x0000000061c53000 	C:\WINDOWS\WinSxS\amd64_microsoft.vc90.crt_1fc8b3b9a1e18e3b_9.0.30729.8387_none_08e793bfa83a89b5\MSVCP90.dll
0x00007ffe91df0000 - 0x00007ffe9202f000 	C:\Program Files\Microsoft Office 15\root\VFS\ProgramFilesX64\Microsoft Office\Office15\GROOVEEX.DLL
0x0000000061890000 - 0x00000000618bb000 	C:\Program Files\Microsoft Office 15\root\VFS\ProgramFilesX64\Microsoft Office\Office15\ATL100.DLL
0x00007ffe9b330000 - 0x00007ffe9b661000 	C:\WINDOWS\SYSTEM32\msi.dll
0x00007ffe8fe70000 - 0x00007ffe906ed000 	C:\Program Files\Microsoft Office 15\root\VFS\ProgramFilesX64\Microsoft Office\Office15\1033\GrooveIntlResource.dll
0x0000000061870000 - 0x0000000061886000 	C:\Program Files\Common Files\TortoiseOverlays\TortoiseOverlays.dll
0x0000000061850000 - 0x0000000061867000 	C:\Program Files\TortoiseSVN\bin\TortoiseStub.dll
0x00000000617d0000 - 0x000000006184d000 	C:\Program Files\TortoiseSVN\bin\TortoiseSVN.dll
0x00007ffea8c70000 - 0x00007ffea8ed9000 	C:\WINDOWS\SYSTEM32\WININET.dll
0x00007ffe8f230000 - 0x00007ffe8f6d7000 	C:\Program Files\TortoiseSVN\bin\libsvn_tsvn.dll
0x0000000061a70000 - 0x0000000061a9e000 	C:\Program Files\TortoiseSVN\bin\libapr_tsvn.dll
0x00007ffea6bf0000 - 0x00007ffea6c01000 	C:\Program Files\TortoiseSVN\bin\intl3_tsvn.dll
0x00007ffea31d0000 - 0x00007ffea3277000 	C:\WINDOWS\SYSTEM32\MSVCP110.dll
0x00007ffea3280000 - 0x00007ffea3354000 	C:\WINDOWS\SYSTEM32\MSVCR110.dll
0x00007ffea1e50000 - 0x00007ffea2118000 	C:\WINDOWS\SYSTEM32\iertutil.dll
0x0000000061780000 - 0x00000000617c5000 	C:\Program Files\TortoiseSVN\bin\libaprutil_tsvn.dll
0x00007ffea69b0000 - 0x00007ffea69c9000 	C:\Program Files\TortoiseSVN\bin\libsasl.dll
0x00007ffea63d0000 - 0x00007ffea63dc000 	C:\WINDOWS\SYSTEM32\Secur32.dll
0x00007ffeaa430000 - 0x00007ffeaa60f000 	C:\WINDOWS\system32\CRYPT32.dll
0x00007ffeac6b0000 - 0x00007ffeac70c000 	C:\WINDOWS\system32\WLDAP32.dll
0x00007ffeaa190000 - 0x00007ffeaa1a1000 	C:\WINDOWS\system32\MSASN1.dll
0x0000000180000000 - 0x000000018000c000 	C:\Program Files (x86)\Druva\inSync\amd64\insyncse.dll
0x000000002a730000 - 0x000000002aa1f000 	C:\Program Files (x86)\Druva\inSync\amd64\PYTHON27.DLL
0x000000002a1d0000 - 0x000000002a1f2000 	C:\Program Files (x86)\Druva\inSync\amd64\win32api.pyd
0x00007ffea9350000 - 0x00007ffea9396000 	C:\WINDOWS\SYSTEM32\POWRPROF.dll
0x000000002ac20000 - 0x000000002ac45000 	C:\Program Files (x86)\Druva\inSync\amd64\pywintypes27.dll
0x000000002ac50000 - 0x000000002acd3000 	C:\Program Files (x86)\Druva\inSync\amd64\pythoncom27.dll
0x00007ffea2120000 - 0x00007ffea22a5000 	C:\WINDOWS\SYSTEM32\urlmon.dll
0x000000002a210000 - 0x000000002a218000 	C:\Program Files (x86)\Druva\inSync\amd64\win32trace.pyd
0x000000002b0e0000 - 0x000000002b13e000 	C:\Program Files (x86)\Druva\inSync\amd64\win32com.shell.shell.pyd
0x000000002b140000 - 0x000000002b179000 	C:\Program Files (x86)\Druva\inSync\amd64\win32gui.pyd
0x000000002b1a0000 - 0x000000002b217000 	C:\Program Files (x86)\Druva\inSync\amd64\_hashlib.pyd
0x000000002b220000 - 0x000000002b23f000 	C:\Program Files (x86)\Druva\inSync\amd64\_ctypes.pyd
0x000000002b250000 - 0x000000002b275000 	C:\Program Files (x86)\Druva\inSync\amd64\win32file.pyd
0x00007ffea6b30000 - 0x00007ffea6b33000 	C:\WINDOWS\SYSTEM32\sfc.dll
0x00007ffea0680000 - 0x00007ffea0692000 	C:\WINDOWS\SYSTEM32\sfc_os.DLL
0x000000002b280000 - 0x000000002b288000 	C:\Program Files (x86)\Druva\inSync\amd64\win32profile.pyd
0x000000002ba90000 - 0x000000002baa7000 	C:\Program Files (x86)\Druva\inSync\amd64\bz2.pyd

VM Arguments:
jvm_args: -Dpython.cachedir.skip=true -Dplugins.dir=C:\Users\noambox\DOCUME~1\NIELFI~1\Fiji -Xmx6077m -Xincgc -XX:PermSize=128m 
java_command: <unknown>
java_class_path (initial): C:\Users\noambox\DOCUME~1\NIELFI~1\Fiji/jars/imagej-launcher-3.1.6.jar
Launcher Type: generic

Environment Variables:
JAVA_HOME=C:\Users\noambox\DOCUME~1\NIELFI~1\Fiji/java/win64/jdk1.8.0_51//jre
PATH=C:\Program Files\ImageMagick-6.9.1-Q16;C:\ProgramData\Oracle\Java\javapath;C:\WINDOWS\system32;C:\WINDOWS;C:\WINDOWS\System32\Wbem;C:\WINDOWS\System32\WindowsPowerShell\v1.0\;C:\Program Files\MATLAB\R2015a\runtime\win64;C:\Program Files\MATLAB\R2015a\bin;C:\Program Files\MATLAB\R2013b\runtime\win64;C:\Program Files\MATLAB\R2013b\bin;C:\Program Files\MATLAB\R2012b\runtime\win64;C:\Program Files\MATLAB\R2012b\bin;c:\Program Files (x86)\Microsoft SQL Server\100\Tools\Binn\;c:\Program Files\Microsoft SQL Server\100\Tools\Binn\;c:\Program Files\Microsoft SQL Server\100\DTS\Binn\;C:\Program Files (x86)\Windows Kits\8.1\Windows Performance Toolkit\;C:\Program Files\Microsoft SQL Server\110\Tools\Binn\;C:\Program Files (x86)\Microsoft SDKs\TypeScript\1.0\;C:\Program Files (x86)\IVI Foundation\VISA\WinNT\Bin\;C:\Program Files\IVI Foundation\VISA\Win64\Bin\;C:\Program Files (x86)\IVI Foundation\VISA\WinNT\Bin;C:\Program Files\TortoiseSVN\bin;C:\Program Files (x86)\Skype\Phone\;C:\Program Files (x86)\Git\cmd;C:\Program Files\Intel\WiFi\bin\;C:\Program Files\Common Files\Intel\WirelessCommon\;C:\Program Files (x86)\QuickTime\QTSystem\;C:\Users\noambox\AppData\Local\Continuum\Anaconda2;C:\Users\noambox\AppData\Local\Continuum\Anaconda2\Scripts;C:\Users\noambox\AppData\Local\Continuum\Anaconda2\Library\bin;C:\Program Files (x86)\MiKTeX\miktex\bin\;C:\Program Files\Intel\WiFi\bin\;C:\Program Files\Common Files\Intel\WirelessCommon\;C:\Users\noambox\DOCUME~1\NIELFI~1\Fiji/lib/win64;C:\Users\noambox\DOCUME~1\NIELFI~1\Fiji/mm/win64;C:\Users\noambox\DOCUME~1\NIELFI~1\Fiji/java/win64/jdk1.8.0_51//jre/bin
USERNAME=noambox
OS=Windows_NT
PROCESSOR_IDENTIFIER=Intel64 Family 6 Model 69 Stepping 1, GenuineIntel



---------------  S Y S T E M  ---------------

OS: Windows 8.1 , 64 bit Build 9600 (6.3.9600.17415)

CPU:total 4 (2 cores per cpu, 2 threads per core) family 6 model 69 stepping 1, cmov, cx8, fxsr, mmx, sse, sse2, sse3, ssse3, sse4.1, sse4.2, popcnt, avx, avx2, aes, clmul, erms, lzcnt, ht, tsc, tscinvbit, bmi1, bmi2

Memory: 4k page, physical 8297328k(2267716k free), swap 18488020k(7479032k free)

vm_info: Java HotSpot(TM) 64-Bit Server VM (25.51-b03) for windows-amd64 JRE (1.8.0_51-b16), built on Jun  8 2015 18:03:07 by "java_re" with MS VC++ 10.0 (VS2010)

time: Mon Jan 18 10:06:19 2016
elapsed time: 225 seconds (0d 0h 3m 45s)

